13:36:24 INFO  : Registering command handlers for SDK TCF services
13:36:25 INFO  : Launching XSCT server: xsct -n -interactive /home/macmala/Documents/Courses/ECE315/labs/lab1/kypd_ssd_gpio-20220129T172209Z-001/kypd_ssd_gpio/kypd_ssd_gpio.sdk/temp_xsdb_launch_script.tcl
13:36:27 INFO  : XSCT server has started successfully.
13:36:27 INFO  : Successfully done setting XSCT server connection channel  
13:36:27 INFO  : Successfully done setting SDK workspace  
13:36:27 INFO  : Processing command line option -hwspec /home/macmala/Documents/Courses/ECE315/labs/lab1/kypd_ssd_gpio-20220129T172209Z-001/kypd_ssd_gpio/kypd_ssd_gpio.sdk/design_1_wrapper.hdf.
13:45:31 INFO  : Connected to target on host '127.0.0.1' and port '3121'.
13:45:32 INFO  : Jtag cable 'Digilent Zybo Z7 210351AB6E73A' is selected.
13:45:32 INFO  : 'jtag frequency' command is executed.
13:45:32 INFO  : Sourcing of '/home/macmala/Documents/Courses/ECE315/labs/lab1/kypd_ssd_gpio-20220129T172209Z-001/kypd_ssd_gpio/kypd_ssd_gpio.sdk/design_1_wrapper_hw_platform_0/ps7_init.tcl' is done.
13:45:32 INFO  : Context for 'APU' is selected.
13:45:32 INFO  : System reset is completed.
13:45:35 INFO  : 'after 3000' command is executed.
13:45:35 INFO  : 'targets -set -filter {jtag_cable_name =~ "Digilent Zybo Z7 210351AB6E73A" && level==0} -index 1' command is executed.
13:45:36 INFO  : FPGA configured successfully with bitstream "/home/macmala/Documents/Courses/ECE315/labs/lab1/kypd_ssd_gpio-20220129T172209Z-001/kypd_ssd_gpio/kypd_ssd_gpio.sdk/design_1_wrapper_hw_platform_0/design_1_wrapper.bit"
13:45:36 INFO  : Context for 'APU' is selected.
13:45:36 INFO  : Hardware design information is loaded from '/home/macmala/Documents/Courses/ECE315/labs/lab1/kypd_ssd_gpio-20220129T172209Z-001/kypd_ssd_gpio/kypd_ssd_gpio.sdk/design_1_wrapper_hw_platform_0/system.hdf'.
13:45:36 INFO  : 'configparams force-mem-access 1' command is executed.
13:45:36 INFO  : Context for 'APU' is selected.
13:45:36 INFO  : 'ps7_init' command is executed.
13:45:36 INFO  : 'ps7_post_config' command is executed.
13:45:36 INFO  : 'configparams force-mem-access 0' command is executed.
13:45:36 INFO  : ----------------XSDB Script----------------
connect -url tcp:127.0.0.1:3121
source /home/macmala/Documents/Courses/ECE315/labs/lab1/kypd_ssd_gpio-20220129T172209Z-001/kypd_ssd_gpio/kypd_ssd_gpio.sdk/design_1_wrapper_hw_platform_0/ps7_init.tcl
targets -set -nocase -filter {name =~"APU*" && jtag_cable_name =~ "Digilent Zybo Z7 210351AB6E73A"} -index 0
rst -system
after 3000
targets -set -filter {jtag_cable_name =~ "Digilent Zybo Z7 210351AB6E73A" && level==0} -index 1
fpga -file /home/macmala/Documents/Courses/ECE315/labs/lab1/kypd_ssd_gpio-20220129T172209Z-001/kypd_ssd_gpio/kypd_ssd_gpio.sdk/design_1_wrapper_hw_platform_0/design_1_wrapper.bit
targets -set -nocase -filter {name =~"APU*" && jtag_cable_name =~ "Digilent Zybo Z7 210351AB6E73A"} -index 0
loadhw -hw /home/macmala/Documents/Courses/ECE315/labs/lab1/kypd_ssd_gpio-20220129T172209Z-001/kypd_ssd_gpio/kypd_ssd_gpio.sdk/design_1_wrapper_hw_platform_0/system.hdf -mem-ranges [list {0x40000000 0xbfffffff}]
configparams force-mem-access 1
targets -set -nocase -filter {name =~"APU*" && jtag_cable_name =~ "Digilent Zybo Z7 210351AB6E73A"} -index 0
ps7_init
ps7_post_config
configparams force-mem-access 0
----------------End of Script----------------

13:45:36 INFO  : Memory regions updated for context APU
13:45:36 INFO  : Launch script is exported to file '/home/macmala/Documents/Courses/ECE315/labs/lab1/kypd_ssd_gpio-20220129T172209Z-001/kypd_ssd_gpio/kypd_ssd_gpio.sdk/.sdk/launch_scripts/xilinx_c-c++_application_(system_debugger)/system_debugger_on_local.tcl'
13:48:14 INFO  : Disconnected from the channel tcfchan#1.
13:48:15 INFO  : Connected to target on host '127.0.0.1' and port '3121'.
13:48:15 INFO  : Jtag cable 'Digilent Zybo Z7 210351AB6E73A' is selected.
13:48:15 INFO  : 'jtag frequency' command is executed.
13:48:15 INFO  : Sourcing of '/home/macmala/Documents/Courses/ECE315/labs/lab1/kypd_ssd_gpio-20220129T172209Z-001/kypd_ssd_gpio/kypd_ssd_gpio.sdk/design_1_wrapper_hw_platform_0/ps7_init.tcl' is done.
13:48:15 INFO  : Context for 'APU' is selected.
13:48:15 INFO  : System reset is completed.
13:48:18 INFO  : 'after 3000' command is executed.
13:48:18 INFO  : 'targets -set -filter {jtag_cable_name =~ "Digilent Zybo Z7 210351AB6E73A" && level==0} -index 1' command is executed.
13:48:19 INFO  : FPGA configured successfully with bitstream "/home/macmala/Documents/Courses/ECE315/labs/lab1/kypd_ssd_gpio-20220129T172209Z-001/kypd_ssd_gpio/kypd_ssd_gpio.sdk/design_1_wrapper_hw_platform_0/design_1_wrapper.bit"
13:48:19 INFO  : Context for 'APU' is selected.
13:48:20 INFO  : Hardware design information is loaded from '/home/macmala/Documents/Courses/ECE315/labs/lab1/kypd_ssd_gpio-20220129T172209Z-001/kypd_ssd_gpio/kypd_ssd_gpio.sdk/design_1_wrapper_hw_platform_0/system.hdf'.
13:48:20 INFO  : 'configparams force-mem-access 1' command is executed.
13:48:20 INFO  : Context for 'APU' is selected.
13:48:20 INFO  : 'ps7_init' command is executed.
13:48:20 INFO  : 'ps7_post_config' command is executed.
13:48:20 INFO  : Context for processor 'ps7_cortexa9_0' is selected.
13:48:21 INFO  : The application '/home/macmala/Documents/Courses/ECE315/labs/lab1/kypd_ssd_gpio-20220129T172209Z-001/kypd_ssd_gpio/kypd_ssd_gpio.sdk/lab1proj/Debug/lab1proj.elf' is downloaded to processor 'ps7_cortexa9_0'.
13:48:21 INFO  : 'configparams force-mem-access 0' command is executed.
13:48:21 INFO  : ----------------XSDB Script----------------
connect -url tcp:127.0.0.1:3121
source /home/macmala/Documents/Courses/ECE315/labs/lab1/kypd_ssd_gpio-20220129T172209Z-001/kypd_ssd_gpio/kypd_ssd_gpio.sdk/design_1_wrapper_hw_platform_0/ps7_init.tcl
targets -set -nocase -filter {name =~"APU*" && jtag_cable_name =~ "Digilent Zybo Z7 210351AB6E73A"} -index 0
rst -system
after 3000
targets -set -filter {jtag_cable_name =~ "Digilent Zybo Z7 210351AB6E73A" && level==0} -index 1
fpga -file /home/macmala/Documents/Courses/ECE315/labs/lab1/kypd_ssd_gpio-20220129T172209Z-001/kypd_ssd_gpio/kypd_ssd_gpio.sdk/design_1_wrapper_hw_platform_0/design_1_wrapper.bit
targets -set -nocase -filter {name =~"APU*" && jtag_cable_name =~ "Digilent Zybo Z7 210351AB6E73A"} -index 0
loadhw -hw /home/macmala/Documents/Courses/ECE315/labs/lab1/kypd_ssd_gpio-20220129T172209Z-001/kypd_ssd_gpio/kypd_ssd_gpio.sdk/design_1_wrapper_hw_platform_0/system.hdf -mem-ranges [list {0x40000000 0xbfffffff}]
configparams force-mem-access 1
targets -set -nocase -filter {name =~"APU*" && jtag_cable_name =~ "Digilent Zybo Z7 210351AB6E73A"} -index 0
ps7_init
ps7_post_config
targets -set -nocase -filter {name =~ "ARM*#0" && jtag_cable_name =~ "Digilent Zybo Z7 210351AB6E73A"} -index 0
dow /home/macmala/Documents/Courses/ECE315/labs/lab1/kypd_ssd_gpio-20220129T172209Z-001/kypd_ssd_gpio/kypd_ssd_gpio.sdk/lab1proj/Debug/lab1proj.elf
configparams force-mem-access 0
----------------End of Script----------------

13:48:21 INFO  : Memory regions updated for context APU
13:48:21 INFO  : Context for processor 'ps7_cortexa9_0' is selected.
13:48:21 INFO  : 'con' command is executed.
13:48:21 INFO  : ----------------XSDB Script (After Launch)----------------
targets -set -nocase -filter {name =~ "ARM*#0" && jtag_cable_name =~ "Digilent Zybo Z7 210351AB6E73A"} -index 0
con
----------------End of Script----------------

13:48:21 INFO  : Launch script is exported to file '/home/macmala/Documents/Courses/ECE315/labs/lab1/kypd_ssd_gpio-20220129T172209Z-001/kypd_ssd_gpio/kypd_ssd_gpio.sdk/.sdk/launch_scripts/xilinx_c-c++_application_(system_debugger)/system_debugger_on_local.tcl'
13:51:31 INFO  : Disconnected from the channel tcfchan#2.
13:51:32 INFO  : Connected to target on host '127.0.0.1' and port '3121'.
13:51:32 INFO  : Jtag cable 'Digilent Zybo Z7 210351AB6E73A' is selected.
13:51:32 INFO  : 'jtag frequency' command is executed.
13:51:32 INFO  : Sourcing of '/home/macmala/Documents/Courses/ECE315/labs/lab1/kypd_ssd_gpio-20220129T172209Z-001/kypd_ssd_gpio/kypd_ssd_gpio.sdk/design_1_wrapper_hw_platform_0/ps7_init.tcl' is done.
13:51:32 INFO  : Context for 'APU' is selected.
13:51:33 INFO  : System reset is completed.
13:51:36 INFO  : 'after 3000' command is executed.
13:51:36 INFO  : 'targets -set -filter {jtag_cable_name =~ "Digilent Zybo Z7 210351AB6E73A" && level==0} -index 1' command is executed.
13:51:37 INFO  : FPGA configured successfully with bitstream "/home/macmala/Documents/Courses/ECE315/labs/lab1/kypd_ssd_gpio-20220129T172209Z-001/kypd_ssd_gpio/kypd_ssd_gpio.sdk/design_1_wrapper_hw_platform_0/design_1_wrapper.bit"
13:51:37 INFO  : Context for 'APU' is selected.
13:51:38 INFO  : Hardware design information is loaded from '/home/macmala/Documents/Courses/ECE315/labs/lab1/kypd_ssd_gpio-20220129T172209Z-001/kypd_ssd_gpio/kypd_ssd_gpio.sdk/design_1_wrapper_hw_platform_0/system.hdf'.
13:51:38 INFO  : 'configparams force-mem-access 1' command is executed.
13:51:38 INFO  : Context for 'APU' is selected.
13:51:38 INFO  : 'ps7_init' command is executed.
13:51:38 INFO  : 'ps7_post_config' command is executed.
13:51:38 INFO  : Context for processor 'ps7_cortexa9_0' is selected.
13:51:38 INFO  : The application '/home/macmala/Documents/Courses/ECE315/labs/lab1/kypd_ssd_gpio-20220129T172209Z-001/kypd_ssd_gpio/kypd_ssd_gpio.sdk/lab1proj/Debug/lab1proj.elf' is downloaded to processor 'ps7_cortexa9_0'.
13:51:38 INFO  : 'configparams force-mem-access 0' command is executed.
13:51:38 INFO  : ----------------XSDB Script----------------
connect -url tcp:127.0.0.1:3121
source /home/macmala/Documents/Courses/ECE315/labs/lab1/kypd_ssd_gpio-20220129T172209Z-001/kypd_ssd_gpio/kypd_ssd_gpio.sdk/design_1_wrapper_hw_platform_0/ps7_init.tcl
targets -set -nocase -filter {name =~"APU*" && jtag_cable_name =~ "Digilent Zybo Z7 210351AB6E73A"} -index 0
rst -system
after 3000
targets -set -filter {jtag_cable_name =~ "Digilent Zybo Z7 210351AB6E73A" && level==0} -index 1
fpga -file /home/macmala/Documents/Courses/ECE315/labs/lab1/kypd_ssd_gpio-20220129T172209Z-001/kypd_ssd_gpio/kypd_ssd_gpio.sdk/design_1_wrapper_hw_platform_0/design_1_wrapper.bit
targets -set -nocase -filter {name =~"APU*" && jtag_cable_name =~ "Digilent Zybo Z7 210351AB6E73A"} -index 0
loadhw -hw /home/macmala/Documents/Courses/ECE315/labs/lab1/kypd_ssd_gpio-20220129T172209Z-001/kypd_ssd_gpio/kypd_ssd_gpio.sdk/design_1_wrapper_hw_platform_0/system.hdf -mem-ranges [list {0x40000000 0xbfffffff}]
configparams force-mem-access 1
targets -set -nocase -filter {name =~"APU*" && jtag_cable_name =~ "Digilent Zybo Z7 210351AB6E73A"} -index 0
ps7_init
ps7_post_config
targets -set -nocase -filter {name =~ "ARM*#0" && jtag_cable_name =~ "Digilent Zybo Z7 210351AB6E73A"} -index 0
dow /home/macmala/Documents/Courses/ECE315/labs/lab1/kypd_ssd_gpio-20220129T172209Z-001/kypd_ssd_gpio/kypd_ssd_gpio.sdk/lab1proj/Debug/lab1proj.elf
configparams force-mem-access 0
----------------End of Script----------------

13:51:38 INFO  : Memory regions updated for context APU
13:51:38 INFO  : Context for processor 'ps7_cortexa9_0' is selected.
13:51:38 INFO  : 'con' command is executed.
13:51:38 INFO  : ----------------XSDB Script (After Launch)----------------
targets -set -nocase -filter {name =~ "ARM*#0" && jtag_cable_name =~ "Digilent Zybo Z7 210351AB6E73A"} -index 0
con
----------------End of Script----------------

13:51:38 INFO  : Launch script is exported to file '/home/macmala/Documents/Courses/ECE315/labs/lab1/kypd_ssd_gpio-20220129T172209Z-001/kypd_ssd_gpio/kypd_ssd_gpio.sdk/.sdk/launch_scripts/xilinx_c-c++_application_(system_debugger)/system_debugger_on_local.tcl'
13:57:44 INFO  : Disconnected from the channel tcfchan#3.
13:57:45 INFO  : Connected to target on host '127.0.0.1' and port '3121'.
13:57:45 INFO  : Jtag cable 'Digilent Zybo Z7 210351AB6E73A' is selected.
13:57:45 INFO  : 'jtag frequency' command is executed.
13:57:45 INFO  : Sourcing of '/home/macmala/Documents/Courses/ECE315/labs/lab1/kypd_ssd_gpio-20220129T172209Z-001/kypd_ssd_gpio/kypd_ssd_gpio.sdk/design_1_wrapper_hw_platform_0/ps7_init.tcl' is done.
13:57:45 INFO  : Context for 'APU' is selected.
13:57:45 INFO  : System reset is completed.
13:57:48 INFO  : 'after 3000' command is executed.
13:57:48 INFO  : 'targets -set -filter {jtag_cable_name =~ "Digilent Zybo Z7 210351AB6E73A" && level==0} -index 1' command is executed.
13:57:50 INFO  : FPGA configured successfully with bitstream "/home/macmala/Documents/Courses/ECE315/labs/lab1/kypd_ssd_gpio-20220129T172209Z-001/kypd_ssd_gpio/kypd_ssd_gpio.sdk/design_1_wrapper_hw_platform_0/design_1_wrapper.bit"
13:57:50 INFO  : Context for 'APU' is selected.
13:57:50 INFO  : Hardware design information is loaded from '/home/macmala/Documents/Courses/ECE315/labs/lab1/kypd_ssd_gpio-20220129T172209Z-001/kypd_ssd_gpio/kypd_ssd_gpio.sdk/design_1_wrapper_hw_platform_0/system.hdf'.
13:57:50 INFO  : 'configparams force-mem-access 1' command is executed.
13:57:50 INFO  : Context for 'APU' is selected.
13:57:51 INFO  : 'ps7_init' command is executed.
13:57:51 INFO  : 'ps7_post_config' command is executed.
13:57:51 INFO  : Context for processor 'ps7_cortexa9_0' is selected.
13:57:51 INFO  : The application '/home/macmala/Documents/Courses/ECE315/labs/lab1/kypd_ssd_gpio-20220129T172209Z-001/kypd_ssd_gpio/kypd_ssd_gpio.sdk/lab1proj/Debug/lab1proj.elf' is downloaded to processor 'ps7_cortexa9_0'.
13:57:51 INFO  : 'configparams force-mem-access 0' command is executed.
13:57:51 INFO  : ----------------XSDB Script----------------
connect -url tcp:127.0.0.1:3121
source /home/macmala/Documents/Courses/ECE315/labs/lab1/kypd_ssd_gpio-20220129T172209Z-001/kypd_ssd_gpio/kypd_ssd_gpio.sdk/design_1_wrapper_hw_platform_0/ps7_init.tcl
targets -set -nocase -filter {name =~"APU*" && jtag_cable_name =~ "Digilent Zybo Z7 210351AB6E73A"} -index 0
rst -system
after 3000
targets -set -filter {jtag_cable_name =~ "Digilent Zybo Z7 210351AB6E73A" && level==0} -index 1
fpga -file /home/macmala/Documents/Courses/ECE315/labs/lab1/kypd_ssd_gpio-20220129T172209Z-001/kypd_ssd_gpio/kypd_ssd_gpio.sdk/design_1_wrapper_hw_platform_0/design_1_wrapper.bit
targets -set -nocase -filter {name =~"APU*" && jtag_cable_name =~ "Digilent Zybo Z7 210351AB6E73A"} -index 0
loadhw -hw /home/macmala/Documents/Courses/ECE315/labs/lab1/kypd_ssd_gpio-20220129T172209Z-001/kypd_ssd_gpio/kypd_ssd_gpio.sdk/design_1_wrapper_hw_platform_0/system.hdf -mem-ranges [list {0x40000000 0xbfffffff}]
configparams force-mem-access 1
targets -set -nocase -filter {name =~"APU*" && jtag_cable_name =~ "Digilent Zybo Z7 210351AB6E73A"} -index 0
ps7_init
ps7_post_config
targets -set -nocase -filter {name =~ "ARM*#0" && jtag_cable_name =~ "Digilent Zybo Z7 210351AB6E73A"} -index 0
dow /home/macmala/Documents/Courses/ECE315/labs/lab1/kypd_ssd_gpio-20220129T172209Z-001/kypd_ssd_gpio/kypd_ssd_gpio.sdk/lab1proj/Debug/lab1proj.elf
configparams force-mem-access 0
----------------End of Script----------------

13:57:51 INFO  : Memory regions updated for context APU
13:57:51 INFO  : Context for processor 'ps7_cortexa9_0' is selected.
13:57:51 INFO  : 'con' command is executed.
13:57:51 INFO  : ----------------XSDB Script (After Launch)----------------
targets -set -nocase -filter {name =~ "ARM*#0" && jtag_cable_name =~ "Digilent Zybo Z7 210351AB6E73A"} -index 0
con
----------------End of Script----------------

13:57:51 INFO  : Launch script is exported to file '/home/macmala/Documents/Courses/ECE315/labs/lab1/kypd_ssd_gpio-20220129T172209Z-001/kypd_ssd_gpio/kypd_ssd_gpio.sdk/.sdk/launch_scripts/xilinx_c-c++_application_(system_debugger)/system_debugger_on_local.tcl'
14:03:12 INFO  : Disconnected from the channel tcfchan#4.
14:03:13 INFO  : Connected to target on host '127.0.0.1' and port '3121'.
14:03:13 INFO  : Jtag cable 'Digilent Zybo Z7 210351AB6E73A' is selected.
14:03:13 INFO  : 'jtag frequency' command is executed.
14:03:13 INFO  : Sourcing of '/home/macmala/Documents/Courses/ECE315/labs/lab1/kypd_ssd_gpio-20220129T172209Z-001/kypd_ssd_gpio/kypd_ssd_gpio.sdk/design_1_wrapper_hw_platform_0/ps7_init.tcl' is done.
14:03:13 INFO  : Context for 'APU' is selected.
14:03:13 INFO  : System reset is completed.
14:03:16 INFO  : 'after 3000' command is executed.
14:03:16 INFO  : 'targets -set -filter {jtag_cable_name =~ "Digilent Zybo Z7 210351AB6E73A" && level==0} -index 1' command is executed.
14:03:18 INFO  : FPGA configured successfully with bitstream "/home/macmala/Documents/Courses/ECE315/labs/lab1/kypd_ssd_gpio-20220129T172209Z-001/kypd_ssd_gpio/kypd_ssd_gpio.sdk/design_1_wrapper_hw_platform_0/design_1_wrapper.bit"
14:03:18 INFO  : Context for 'APU' is selected.
14:03:18 INFO  : Hardware design information is loaded from '/home/macmala/Documents/Courses/ECE315/labs/lab1/kypd_ssd_gpio-20220129T172209Z-001/kypd_ssd_gpio/kypd_ssd_gpio.sdk/design_1_wrapper_hw_platform_0/system.hdf'.
14:03:18 INFO  : 'configparams force-mem-access 1' command is executed.
14:03:18 INFO  : Context for 'APU' is selected.
14:03:19 INFO  : 'ps7_init' command is executed.
14:03:19 INFO  : 'ps7_post_config' command is executed.
14:03:19 INFO  : Context for processor 'ps7_cortexa9_0' is selected.
14:03:19 INFO  : The application '/home/macmala/Documents/Courses/ECE315/labs/lab1/kypd_ssd_gpio-20220129T172209Z-001/kypd_ssd_gpio/kypd_ssd_gpio.sdk/lab1proj/Debug/lab1proj.elf' is downloaded to processor 'ps7_cortexa9_0'.
14:03:19 INFO  : 'configparams force-mem-access 0' command is executed.
14:03:19 INFO  : ----------------XSDB Script----------------
connect -url tcp:127.0.0.1:3121
source /home/macmala/Documents/Courses/ECE315/labs/lab1/kypd_ssd_gpio-20220129T172209Z-001/kypd_ssd_gpio/kypd_ssd_gpio.sdk/design_1_wrapper_hw_platform_0/ps7_init.tcl
targets -set -nocase -filter {name =~"APU*" && jtag_cable_name =~ "Digilent Zybo Z7 210351AB6E73A"} -index 0
rst -system
after 3000
targets -set -filter {jtag_cable_name =~ "Digilent Zybo Z7 210351AB6E73A" && level==0} -index 1
fpga -file /home/macmala/Documents/Courses/ECE315/labs/lab1/kypd_ssd_gpio-20220129T172209Z-001/kypd_ssd_gpio/kypd_ssd_gpio.sdk/design_1_wrapper_hw_platform_0/design_1_wrapper.bit
targets -set -nocase -filter {name =~"APU*" && jtag_cable_name =~ "Digilent Zybo Z7 210351AB6E73A"} -index 0
loadhw -hw /home/macmala/Documents/Courses/ECE315/labs/lab1/kypd_ssd_gpio-20220129T172209Z-001/kypd_ssd_gpio/kypd_ssd_gpio.sdk/design_1_wrapper_hw_platform_0/system.hdf -mem-ranges [list {0x40000000 0xbfffffff}]
configparams force-mem-access 1
targets -set -nocase -filter {name =~"APU*" && jtag_cable_name =~ "Digilent Zybo Z7 210351AB6E73A"} -index 0
ps7_init
ps7_post_config
targets -set -nocase -filter {name =~ "ARM*#0" && jtag_cable_name =~ "Digilent Zybo Z7 210351AB6E73A"} -index 0
dow /home/macmala/Documents/Courses/ECE315/labs/lab1/kypd_ssd_gpio-20220129T172209Z-001/kypd_ssd_gpio/kypd_ssd_gpio.sdk/lab1proj/Debug/lab1proj.elf
configparams force-mem-access 0
----------------End of Script----------------

14:03:19 INFO  : Memory regions updated for context APU
14:03:19 INFO  : Context for processor 'ps7_cortexa9_0' is selected.
14:03:19 INFO  : 'con' command is executed.
14:03:19 INFO  : ----------------XSDB Script (After Launch)----------------
targets -set -nocase -filter {name =~ "ARM*#0" && jtag_cable_name =~ "Digilent Zybo Z7 210351AB6E73A"} -index 0
con
----------------End of Script----------------

14:03:19 INFO  : Launch script is exported to file '/home/macmala/Documents/Courses/ECE315/labs/lab1/kypd_ssd_gpio-20220129T172209Z-001/kypd_ssd_gpio/kypd_ssd_gpio.sdk/.sdk/launch_scripts/xilinx_c-c++_application_(system_debugger)/system_debugger_on_local.tcl'
14:07:01 INFO  : Disconnected from the channel tcfchan#5.
14:07:02 INFO  : Connected to target on host '127.0.0.1' and port '3121'.
14:07:02 INFO  : Jtag cable 'Digilent Zybo Z7 210351AB6E73A' is selected.
14:07:02 INFO  : 'jtag frequency' command is executed.
14:07:02 INFO  : Sourcing of '/home/macmala/Documents/Courses/ECE315/labs/lab1/kypd_ssd_gpio-20220129T172209Z-001/kypd_ssd_gpio/kypd_ssd_gpio.sdk/design_1_wrapper_hw_platform_0/ps7_init.tcl' is done.
14:07:02 INFO  : Context for 'APU' is selected.
14:07:02 INFO  : System reset is completed.
14:07:05 INFO  : 'after 3000' command is executed.
14:07:05 INFO  : 'targets -set -filter {jtag_cable_name =~ "Digilent Zybo Z7 210351AB6E73A" && level==0} -index 1' command is executed.
14:07:06 INFO  : FPGA configured successfully with bitstream "/home/macmala/Documents/Courses/ECE315/labs/lab1/kypd_ssd_gpio-20220129T172209Z-001/kypd_ssd_gpio/kypd_ssd_gpio.sdk/design_1_wrapper_hw_platform_0/design_1_wrapper.bit"
14:07:06 INFO  : Context for 'APU' is selected.
14:07:07 INFO  : Hardware design information is loaded from '/home/macmala/Documents/Courses/ECE315/labs/lab1/kypd_ssd_gpio-20220129T172209Z-001/kypd_ssd_gpio/kypd_ssd_gpio.sdk/design_1_wrapper_hw_platform_0/system.hdf'.
14:07:07 INFO  : 'configparams force-mem-access 1' command is executed.
14:07:07 INFO  : Context for 'APU' is selected.
14:07:07 INFO  : 'ps7_init' command is executed.
14:07:07 INFO  : 'ps7_post_config' command is executed.
14:07:07 INFO  : Context for processor 'ps7_cortexa9_0' is selected.
14:07:08 INFO  : The application '/home/macmala/Documents/Courses/ECE315/labs/lab1/kypd_ssd_gpio-20220129T172209Z-001/kypd_ssd_gpio/kypd_ssd_gpio.sdk/lab1proj/Debug/lab1proj.elf' is downloaded to processor 'ps7_cortexa9_0'.
14:07:08 INFO  : 'configparams force-mem-access 0' command is executed.
14:07:08 INFO  : ----------------XSDB Script----------------
connect -url tcp:127.0.0.1:3121
source /home/macmala/Documents/Courses/ECE315/labs/lab1/kypd_ssd_gpio-20220129T172209Z-001/kypd_ssd_gpio/kypd_ssd_gpio.sdk/design_1_wrapper_hw_platform_0/ps7_init.tcl
targets -set -nocase -filter {name =~"APU*" && jtag_cable_name =~ "Digilent Zybo Z7 210351AB6E73A"} -index 0
rst -system
after 3000
targets -set -filter {jtag_cable_name =~ "Digilent Zybo Z7 210351AB6E73A" && level==0} -index 1
fpga -file /home/macmala/Documents/Courses/ECE315/labs/lab1/kypd_ssd_gpio-20220129T172209Z-001/kypd_ssd_gpio/kypd_ssd_gpio.sdk/design_1_wrapper_hw_platform_0/design_1_wrapper.bit
targets -set -nocase -filter {name =~"APU*" && jtag_cable_name =~ "Digilent Zybo Z7 210351AB6E73A"} -index 0
loadhw -hw /home/macmala/Documents/Courses/ECE315/labs/lab1/kypd_ssd_gpio-20220129T172209Z-001/kypd_ssd_gpio/kypd_ssd_gpio.sdk/design_1_wrapper_hw_platform_0/system.hdf -mem-ranges [list {0x40000000 0xbfffffff}]
configparams force-mem-access 1
targets -set -nocase -filter {name =~"APU*" && jtag_cable_name =~ "Digilent Zybo Z7 210351AB6E73A"} -index 0
ps7_init
ps7_post_config
targets -set -nocase -filter {name =~ "ARM*#0" && jtag_cable_name =~ "Digilent Zybo Z7 210351AB6E73A"} -index 0
dow /home/macmala/Documents/Courses/ECE315/labs/lab1/kypd_ssd_gpio-20220129T172209Z-001/kypd_ssd_gpio/kypd_ssd_gpio.sdk/lab1proj/Debug/lab1proj.elf
configparams force-mem-access 0
----------------End of Script----------------

14:07:08 INFO  : Memory regions updated for context APU
14:07:08 INFO  : Context for processor 'ps7_cortexa9_0' is selected.
14:07:08 INFO  : 'con' command is executed.
14:07:08 INFO  : ----------------XSDB Script (After Launch)----------------
targets -set -nocase -filter {name =~ "ARM*#0" && jtag_cable_name =~ "Digilent Zybo Z7 210351AB6E73A"} -index 0
con
----------------End of Script----------------

14:07:08 INFO  : Launch script is exported to file '/home/macmala/Documents/Courses/ECE315/labs/lab1/kypd_ssd_gpio-20220129T172209Z-001/kypd_ssd_gpio/kypd_ssd_gpio.sdk/.sdk/launch_scripts/xilinx_c-c++_application_(system_debugger)/system_debugger_on_local.tcl'
14:08:22 INFO  : Disconnected from the channel tcfchan#6.
14:08:23 INFO  : Connected to target on host '127.0.0.1' and port '3121'.
14:08:23 INFO  : Jtag cable 'Digilent Zybo Z7 210351AB6E73A' is selected.
14:08:23 INFO  : 'jtag frequency' command is executed.
14:08:23 INFO  : Sourcing of '/home/macmala/Documents/Courses/ECE315/labs/lab1/kypd_ssd_gpio-20220129T172209Z-001/kypd_ssd_gpio/kypd_ssd_gpio.sdk/design_1_wrapper_hw_platform_0/ps7_init.tcl' is done.
14:08:23 INFO  : Context for 'APU' is selected.
14:08:23 INFO  : System reset is completed.
14:08:26 INFO  : 'after 3000' command is executed.
14:08:26 INFO  : 'targets -set -filter {jtag_cable_name =~ "Digilent Zybo Z7 210351AB6E73A" && level==0} -index 1' command is executed.
14:08:27 INFO  : FPGA configured successfully with bitstream "/home/macmala/Documents/Courses/ECE315/labs/lab1/kypd_ssd_gpio-20220129T172209Z-001/kypd_ssd_gpio/kypd_ssd_gpio.sdk/design_1_wrapper_hw_platform_0/design_1_wrapper.bit"
14:08:28 INFO  : Context for 'APU' is selected.
14:08:28 INFO  : Hardware design information is loaded from '/home/macmala/Documents/Courses/ECE315/labs/lab1/kypd_ssd_gpio-20220129T172209Z-001/kypd_ssd_gpio/kypd_ssd_gpio.sdk/design_1_wrapper_hw_platform_0/system.hdf'.
14:08:28 INFO  : 'configparams force-mem-access 1' command is executed.
14:08:28 INFO  : Context for 'APU' is selected.
14:08:29 INFO  : 'ps7_init' command is executed.
14:08:29 INFO  : 'ps7_post_config' command is executed.
14:08:29 INFO  : Context for processor 'ps7_cortexa9_0' is selected.
14:08:29 INFO  : The application '/home/macmala/Documents/Courses/ECE315/labs/lab1/kypd_ssd_gpio-20220129T172209Z-001/kypd_ssd_gpio/kypd_ssd_gpio.sdk/lab1proj/Debug/lab1proj.elf' is downloaded to processor 'ps7_cortexa9_0'.
14:08:29 INFO  : 'configparams force-mem-access 0' command is executed.
14:08:29 INFO  : ----------------XSDB Script----------------
connect -url tcp:127.0.0.1:3121
source /home/macmala/Documents/Courses/ECE315/labs/lab1/kypd_ssd_gpio-20220129T172209Z-001/kypd_ssd_gpio/kypd_ssd_gpio.sdk/design_1_wrapper_hw_platform_0/ps7_init.tcl
targets -set -nocase -filter {name =~"APU*" && jtag_cable_name =~ "Digilent Zybo Z7 210351AB6E73A"} -index 0
rst -system
after 3000
targets -set -filter {jtag_cable_name =~ "Digilent Zybo Z7 210351AB6E73A" && level==0} -index 1
fpga -file /home/macmala/Documents/Courses/ECE315/labs/lab1/kypd_ssd_gpio-20220129T172209Z-001/kypd_ssd_gpio/kypd_ssd_gpio.sdk/design_1_wrapper_hw_platform_0/design_1_wrapper.bit
targets -set -nocase -filter {name =~"APU*" && jtag_cable_name =~ "Digilent Zybo Z7 210351AB6E73A"} -index 0
loadhw -hw /home/macmala/Documents/Courses/ECE315/labs/lab1/kypd_ssd_gpio-20220129T172209Z-001/kypd_ssd_gpio/kypd_ssd_gpio.sdk/design_1_wrapper_hw_platform_0/system.hdf -mem-ranges [list {0x40000000 0xbfffffff}]
configparams force-mem-access 1
targets -set -nocase -filter {name =~"APU*" && jtag_cable_name =~ "Digilent Zybo Z7 210351AB6E73A"} -index 0
ps7_init
ps7_post_config
targets -set -nocase -filter {name =~ "ARM*#0" && jtag_cable_name =~ "Digilent Zybo Z7 210351AB6E73A"} -index 0
dow /home/macmala/Documents/Courses/ECE315/labs/lab1/kypd_ssd_gpio-20220129T172209Z-001/kypd_ssd_gpio/kypd_ssd_gpio.sdk/lab1proj/Debug/lab1proj.elf
configparams force-mem-access 0
----------------End of Script----------------

14:08:29 INFO  : Memory regions updated for context APU
14:08:29 INFO  : Context for processor 'ps7_cortexa9_0' is selected.
14:08:29 INFO  : 'con' command is executed.
14:08:29 INFO  : ----------------XSDB Script (After Launch)----------------
targets -set -nocase -filter {name =~ "ARM*#0" && jtag_cable_name =~ "Digilent Zybo Z7 210351AB6E73A"} -index 0
con
----------------End of Script----------------

14:08:29 INFO  : Launch script is exported to file '/home/macmala/Documents/Courses/ECE315/labs/lab1/kypd_ssd_gpio-20220129T172209Z-001/kypd_ssd_gpio/kypd_ssd_gpio.sdk/.sdk/launch_scripts/xilinx_c-c++_application_(system_debugger)/system_debugger_on_local.tcl'
14:09:01 INFO  : Disconnected from the channel tcfchan#7.
14:09:02 INFO  : Connected to target on host '127.0.0.1' and port '3121'.
14:09:02 INFO  : Jtag cable 'Digilent Zybo Z7 210351AB6E73A' is selected.
14:09:02 INFO  : 'jtag frequency' command is executed.
14:09:02 INFO  : Sourcing of '/home/macmala/Documents/Courses/ECE315/labs/lab1/kypd_ssd_gpio-20220129T172209Z-001/kypd_ssd_gpio/kypd_ssd_gpio.sdk/design_1_wrapper_hw_platform_0/ps7_init.tcl' is done.
14:09:02 INFO  : Context for 'APU' is selected.
14:09:02 INFO  : System reset is completed.
14:09:05 INFO  : 'after 3000' command is executed.
14:09:05 INFO  : 'targets -set -filter {jtag_cable_name =~ "Digilent Zybo Z7 210351AB6E73A" && level==0} -index 1' command is executed.
14:09:07 INFO  : FPGA configured successfully with bitstream "/home/macmala/Documents/Courses/ECE315/labs/lab1/kypd_ssd_gpio-20220129T172209Z-001/kypd_ssd_gpio/kypd_ssd_gpio.sdk/design_1_wrapper_hw_platform_0/design_1_wrapper.bit"
14:09:07 INFO  : Context for 'APU' is selected.
14:09:08 INFO  : Hardware design information is loaded from '/home/macmala/Documents/Courses/ECE315/labs/lab1/kypd_ssd_gpio-20220129T172209Z-001/kypd_ssd_gpio/kypd_ssd_gpio.sdk/design_1_wrapper_hw_platform_0/system.hdf'.
14:09:08 INFO  : 'configparams force-mem-access 1' command is executed.
14:09:08 INFO  : Context for 'APU' is selected.
14:09:08 INFO  : 'ps7_init' command is executed.
14:09:08 INFO  : 'ps7_post_config' command is executed.
14:09:08 INFO  : Context for processor 'ps7_cortexa9_0' is selected.
14:09:08 INFO  : The application '/home/macmala/Documents/Courses/ECE315/labs/lab1/kypd_ssd_gpio-20220129T172209Z-001/kypd_ssd_gpio/kypd_ssd_gpio.sdk/lab1proj/Debug/lab1proj.elf' is downloaded to processor 'ps7_cortexa9_0'.
14:09:08 INFO  : 'configparams force-mem-access 0' command is executed.
14:09:08 INFO  : ----------------XSDB Script----------------
connect -url tcp:127.0.0.1:3121
source /home/macmala/Documents/Courses/ECE315/labs/lab1/kypd_ssd_gpio-20220129T172209Z-001/kypd_ssd_gpio/kypd_ssd_gpio.sdk/design_1_wrapper_hw_platform_0/ps7_init.tcl
targets -set -nocase -filter {name =~"APU*" && jtag_cable_name =~ "Digilent Zybo Z7 210351AB6E73A"} -index 0
rst -system
after 3000
targets -set -filter {jtag_cable_name =~ "Digilent Zybo Z7 210351AB6E73A" && level==0} -index 1
fpga -file /home/macmala/Documents/Courses/ECE315/labs/lab1/kypd_ssd_gpio-20220129T172209Z-001/kypd_ssd_gpio/kypd_ssd_gpio.sdk/design_1_wrapper_hw_platform_0/design_1_wrapper.bit
targets -set -nocase -filter {name =~"APU*" && jtag_cable_name =~ "Digilent Zybo Z7 210351AB6E73A"} -index 0
loadhw -hw /home/macmala/Documents/Courses/ECE315/labs/lab1/kypd_ssd_gpio-20220129T172209Z-001/kypd_ssd_gpio/kypd_ssd_gpio.sdk/design_1_wrapper_hw_platform_0/system.hdf -mem-ranges [list {0x40000000 0xbfffffff}]
configparams force-mem-access 1
targets -set -nocase -filter {name =~"APU*" && jtag_cable_name =~ "Digilent Zybo Z7 210351AB6E73A"} -index 0
ps7_init
ps7_post_config
targets -set -nocase -filter {name =~ "ARM*#0" && jtag_cable_name =~ "Digilent Zybo Z7 210351AB6E73A"} -index 0
dow /home/macmala/Documents/Courses/ECE315/labs/lab1/kypd_ssd_gpio-20220129T172209Z-001/kypd_ssd_gpio/kypd_ssd_gpio.sdk/lab1proj/Debug/lab1proj.elf
configparams force-mem-access 0
----------------End of Script----------------

14:09:08 INFO  : Memory regions updated for context APU
14:09:08 INFO  : Context for processor 'ps7_cortexa9_0' is selected.
14:09:08 INFO  : 'con' command is executed.
14:09:08 INFO  : ----------------XSDB Script (After Launch)----------------
targets -set -nocase -filter {name =~ "ARM*#0" && jtag_cable_name =~ "Digilent Zybo Z7 210351AB6E73A"} -index 0
con
----------------End of Script----------------

14:09:08 INFO  : Launch script is exported to file '/home/macmala/Documents/Courses/ECE315/labs/lab1/kypd_ssd_gpio-20220129T172209Z-001/kypd_ssd_gpio/kypd_ssd_gpio.sdk/.sdk/launch_scripts/xilinx_c-c++_application_(system_debugger)/system_debugger_on_local.tcl'
14:09:15 INFO  : Disconnected from the channel tcfchan#8.
14:09:16 INFO  : Connected to target on host '127.0.0.1' and port '3121'.
14:09:17 INFO  : Jtag cable 'Digilent Zybo Z7 210351AB6E73A' is selected.
14:09:17 INFO  : 'jtag frequency' command is executed.
14:09:17 INFO  : Sourcing of '/home/macmala/Documents/Courses/ECE315/labs/lab1/kypd_ssd_gpio-20220129T172209Z-001/kypd_ssd_gpio/kypd_ssd_gpio.sdk/design_1_wrapper_hw_platform_0/ps7_init.tcl' is done.
14:09:17 INFO  : Context for 'APU' is selected.
14:09:17 INFO  : System reset is completed.
14:09:20 INFO  : 'after 3000' command is executed.
14:09:20 INFO  : 'targets -set -filter {jtag_cable_name =~ "Digilent Zybo Z7 210351AB6E73A" && level==0} -index 1' command is executed.
14:09:21 INFO  : FPGA configured successfully with bitstream "/home/macmala/Documents/Courses/ECE315/labs/lab1/kypd_ssd_gpio-20220129T172209Z-001/kypd_ssd_gpio/kypd_ssd_gpio.sdk/design_1_wrapper_hw_platform_0/design_1_wrapper.bit"
14:09:21 INFO  : Context for 'APU' is selected.
14:09:22 INFO  : Hardware design information is loaded from '/home/macmala/Documents/Courses/ECE315/labs/lab1/kypd_ssd_gpio-20220129T172209Z-001/kypd_ssd_gpio/kypd_ssd_gpio.sdk/design_1_wrapper_hw_platform_0/system.hdf'.
14:09:22 INFO  : 'configparams force-mem-access 1' command is executed.
14:09:22 INFO  : Context for 'APU' is selected.
14:09:22 INFO  : 'ps7_init' command is executed.
14:09:22 INFO  : 'ps7_post_config' command is executed.
14:09:22 INFO  : Context for processor 'ps7_cortexa9_0' is selected.
14:09:22 INFO  : The application '/home/macmala/Documents/Courses/ECE315/labs/lab1/kypd_ssd_gpio-20220129T172209Z-001/kypd_ssd_gpio/kypd_ssd_gpio.sdk/lab1proj/Debug/lab1proj.elf' is downloaded to processor 'ps7_cortexa9_0'.
14:09:22 INFO  : 'configparams force-mem-access 0' command is executed.
14:09:22 INFO  : ----------------XSDB Script----------------
connect -url tcp:127.0.0.1:3121
source /home/macmala/Documents/Courses/ECE315/labs/lab1/kypd_ssd_gpio-20220129T172209Z-001/kypd_ssd_gpio/kypd_ssd_gpio.sdk/design_1_wrapper_hw_platform_0/ps7_init.tcl
targets -set -nocase -filter {name =~"APU*" && jtag_cable_name =~ "Digilent Zybo Z7 210351AB6E73A"} -index 0
rst -system
after 3000
targets -set -filter {jtag_cable_name =~ "Digilent Zybo Z7 210351AB6E73A" && level==0} -index 1
fpga -file /home/macmala/Documents/Courses/ECE315/labs/lab1/kypd_ssd_gpio-20220129T172209Z-001/kypd_ssd_gpio/kypd_ssd_gpio.sdk/design_1_wrapper_hw_platform_0/design_1_wrapper.bit
targets -set -nocase -filter {name =~"APU*" && jtag_cable_name =~ "Digilent Zybo Z7 210351AB6E73A"} -index 0
loadhw -hw /home/macmala/Documents/Courses/ECE315/labs/lab1/kypd_ssd_gpio-20220129T172209Z-001/kypd_ssd_gpio/kypd_ssd_gpio.sdk/design_1_wrapper_hw_platform_0/system.hdf -mem-ranges [list {0x40000000 0xbfffffff}]
configparams force-mem-access 1
targets -set -nocase -filter {name =~"APU*" && jtag_cable_name =~ "Digilent Zybo Z7 210351AB6E73A"} -index 0
ps7_init
ps7_post_config
targets -set -nocase -filter {name =~ "ARM*#0" && jtag_cable_name =~ "Digilent Zybo Z7 210351AB6E73A"} -index 0
dow /home/macmala/Documents/Courses/ECE315/labs/lab1/kypd_ssd_gpio-20220129T172209Z-001/kypd_ssd_gpio/kypd_ssd_gpio.sdk/lab1proj/Debug/lab1proj.elf
configparams force-mem-access 0
----------------End of Script----------------

14:09:22 INFO  : Memory regions updated for context APU
14:09:22 INFO  : Context for processor 'ps7_cortexa9_0' is selected.
14:09:22 INFO  : 'con' command is executed.
14:09:22 INFO  : ----------------XSDB Script (After Launch)----------------
targets -set -nocase -filter {name =~ "ARM*#0" && jtag_cable_name =~ "Digilent Zybo Z7 210351AB6E73A"} -index 0
con
----------------End of Script----------------

14:09:22 INFO  : Launch script is exported to file '/home/macmala/Documents/Courses/ECE315/labs/lab1/kypd_ssd_gpio-20220129T172209Z-001/kypd_ssd_gpio/kypd_ssd_gpio.sdk/.sdk/launch_scripts/xilinx_c-c++_application_(system_debugger)/system_debugger_on_local.tcl'
14:09:57 INFO  : Disconnected from the channel tcfchan#9.
14:09:58 INFO  : Connected to target on host '127.0.0.1' and port '3121'.
14:09:58 INFO  : Jtag cable 'Digilent Zybo Z7 210351AB6E73A' is selected.
14:09:58 INFO  : 'jtag frequency' command is executed.
14:09:58 INFO  : Sourcing of '/home/macmala/Documents/Courses/ECE315/labs/lab1/kypd_ssd_gpio-20220129T172209Z-001/kypd_ssd_gpio/kypd_ssd_gpio.sdk/design_1_wrapper_hw_platform_0/ps7_init.tcl' is done.
14:09:58 INFO  : Context for 'APU' is selected.
14:09:59 INFO  : System reset is completed.
14:10:02 INFO  : 'after 3000' command is executed.
14:10:02 INFO  : 'targets -set -filter {jtag_cable_name =~ "Digilent Zybo Z7 210351AB6E73A" && level==0} -index 1' command is executed.
14:10:03 INFO  : FPGA configured successfully with bitstream "/home/macmala/Documents/Courses/ECE315/labs/lab1/kypd_ssd_gpio-20220129T172209Z-001/kypd_ssd_gpio/kypd_ssd_gpio.sdk/design_1_wrapper_hw_platform_0/design_1_wrapper.bit"
14:10:03 INFO  : Context for 'APU' is selected.
14:10:04 INFO  : Hardware design information is loaded from '/home/macmala/Documents/Courses/ECE315/labs/lab1/kypd_ssd_gpio-20220129T172209Z-001/kypd_ssd_gpio/kypd_ssd_gpio.sdk/design_1_wrapper_hw_platform_0/system.hdf'.
14:10:04 INFO  : 'configparams force-mem-access 1' command is executed.
14:10:04 INFO  : Context for 'APU' is selected.
14:10:04 INFO  : 'ps7_init' command is executed.
14:10:04 INFO  : 'ps7_post_config' command is executed.
14:10:04 INFO  : Context for processor 'ps7_cortexa9_0' is selected.
14:10:04 INFO  : The application '/home/macmala/Documents/Courses/ECE315/labs/lab1/kypd_ssd_gpio-20220129T172209Z-001/kypd_ssd_gpio/kypd_ssd_gpio.sdk/lab1proj/Debug/lab1proj.elf' is downloaded to processor 'ps7_cortexa9_0'.
14:10:04 INFO  : 'configparams force-mem-access 0' command is executed.
14:10:04 INFO  : ----------------XSDB Script----------------
connect -url tcp:127.0.0.1:3121
source /home/macmala/Documents/Courses/ECE315/labs/lab1/kypd_ssd_gpio-20220129T172209Z-001/kypd_ssd_gpio/kypd_ssd_gpio.sdk/design_1_wrapper_hw_platform_0/ps7_init.tcl
targets -set -nocase -filter {name =~"APU*" && jtag_cable_name =~ "Digilent Zybo Z7 210351AB6E73A"} -index 0
rst -system
after 3000
targets -set -filter {jtag_cable_name =~ "Digilent Zybo Z7 210351AB6E73A" && level==0} -index 1
fpga -file /home/macmala/Documents/Courses/ECE315/labs/lab1/kypd_ssd_gpio-20220129T172209Z-001/kypd_ssd_gpio/kypd_ssd_gpio.sdk/design_1_wrapper_hw_platform_0/design_1_wrapper.bit
targets -set -nocase -filter {name =~"APU*" && jtag_cable_name =~ "Digilent Zybo Z7 210351AB6E73A"} -index 0
loadhw -hw /home/macmala/Documents/Courses/ECE315/labs/lab1/kypd_ssd_gpio-20220129T172209Z-001/kypd_ssd_gpio/kypd_ssd_gpio.sdk/design_1_wrapper_hw_platform_0/system.hdf -mem-ranges [list {0x40000000 0xbfffffff}]
configparams force-mem-access 1
targets -set -nocase -filter {name =~"APU*" && jtag_cable_name =~ "Digilent Zybo Z7 210351AB6E73A"} -index 0
ps7_init
ps7_post_config
targets -set -nocase -filter {name =~ "ARM*#0" && jtag_cable_name =~ "Digilent Zybo Z7 210351AB6E73A"} -index 0
dow /home/macmala/Documents/Courses/ECE315/labs/lab1/kypd_ssd_gpio-20220129T172209Z-001/kypd_ssd_gpio/kypd_ssd_gpio.sdk/lab1proj/Debug/lab1proj.elf
configparams force-mem-access 0
----------------End of Script----------------

14:10:04 INFO  : Memory regions updated for context APU
14:10:04 INFO  : Context for processor 'ps7_cortexa9_0' is selected.
14:10:04 INFO  : 'con' command is executed.
14:10:04 INFO  : ----------------XSDB Script (After Launch)----------------
targets -set -nocase -filter {name =~ "ARM*#0" && jtag_cable_name =~ "Digilent Zybo Z7 210351AB6E73A"} -index 0
con
----------------End of Script----------------

14:10:04 INFO  : Launch script is exported to file '/home/macmala/Documents/Courses/ECE315/labs/lab1/kypd_ssd_gpio-20220129T172209Z-001/kypd_ssd_gpio/kypd_ssd_gpio.sdk/.sdk/launch_scripts/xilinx_c-c++_application_(system_debugger)/system_debugger_on_local.tcl'
14:15:30 INFO  : Disconnected from the channel tcfchan#10.
14:15:31 INFO  : Connected to target on host '127.0.0.1' and port '3121'.
14:15:31 INFO  : Jtag cable 'Digilent Zybo Z7 210351AB6E73A' is selected.
14:15:31 INFO  : 'jtag frequency' command is executed.
14:15:31 INFO  : Sourcing of '/home/macmala/Documents/Courses/ECE315/labs/lab1/kypd_ssd_gpio-20220129T172209Z-001/kypd_ssd_gpio/kypd_ssd_gpio.sdk/design_1_wrapper_hw_platform_0/ps7_init.tcl' is done.
14:15:31 INFO  : Context for 'APU' is selected.
14:15:31 INFO  : System reset is completed.
14:15:34 INFO  : 'after 3000' command is executed.
14:15:34 INFO  : 'targets -set -filter {jtag_cable_name =~ "Digilent Zybo Z7 210351AB6E73A" && level==0} -index 1' command is executed.
14:15:36 INFO  : FPGA configured successfully with bitstream "/home/macmala/Documents/Courses/ECE315/labs/lab1/kypd_ssd_gpio-20220129T172209Z-001/kypd_ssd_gpio/kypd_ssd_gpio.sdk/design_1_wrapper_hw_platform_0/design_1_wrapper.bit"
14:15:36 INFO  : Context for 'APU' is selected.
14:15:36 INFO  : Hardware design information is loaded from '/home/macmala/Documents/Courses/ECE315/labs/lab1/kypd_ssd_gpio-20220129T172209Z-001/kypd_ssd_gpio/kypd_ssd_gpio.sdk/design_1_wrapper_hw_platform_0/system.hdf'.
14:15:36 INFO  : 'configparams force-mem-access 1' command is executed.
14:15:36 INFO  : Context for 'APU' is selected.
14:15:37 INFO  : 'ps7_init' command is executed.
14:15:37 INFO  : 'ps7_post_config' command is executed.
14:15:37 INFO  : Context for processor 'ps7_cortexa9_0' is selected.
14:15:37 INFO  : The application '/home/macmala/Documents/Courses/ECE315/labs/lab1/kypd_ssd_gpio-20220129T172209Z-001/kypd_ssd_gpio/kypd_ssd_gpio.sdk/lab1proj/Debug/lab1proj.elf' is downloaded to processor 'ps7_cortexa9_0'.
14:15:37 INFO  : 'configparams force-mem-access 0' command is executed.
14:15:37 INFO  : ----------------XSDB Script----------------
connect -url tcp:127.0.0.1:3121
source /home/macmala/Documents/Courses/ECE315/labs/lab1/kypd_ssd_gpio-20220129T172209Z-001/kypd_ssd_gpio/kypd_ssd_gpio.sdk/design_1_wrapper_hw_platform_0/ps7_init.tcl
targets -set -nocase -filter {name =~"APU*" && jtag_cable_name =~ "Digilent Zybo Z7 210351AB6E73A"} -index 0
rst -system
after 3000
targets -set -filter {jtag_cable_name =~ "Digilent Zybo Z7 210351AB6E73A" && level==0} -index 1
fpga -file /home/macmala/Documents/Courses/ECE315/labs/lab1/kypd_ssd_gpio-20220129T172209Z-001/kypd_ssd_gpio/kypd_ssd_gpio.sdk/design_1_wrapper_hw_platform_0/design_1_wrapper.bit
targets -set -nocase -filter {name =~"APU*" && jtag_cable_name =~ "Digilent Zybo Z7 210351AB6E73A"} -index 0
loadhw -hw /home/macmala/Documents/Courses/ECE315/labs/lab1/kypd_ssd_gpio-20220129T172209Z-001/kypd_ssd_gpio/kypd_ssd_gpio.sdk/design_1_wrapper_hw_platform_0/system.hdf -mem-ranges [list {0x40000000 0xbfffffff}]
configparams force-mem-access 1
targets -set -nocase -filter {name =~"APU*" && jtag_cable_name =~ "Digilent Zybo Z7 210351AB6E73A"} -index 0
ps7_init
ps7_post_config
targets -set -nocase -filter {name =~ "ARM*#0" && jtag_cable_name =~ "Digilent Zybo Z7 210351AB6E73A"} -index 0
dow /home/macmala/Documents/Courses/ECE315/labs/lab1/kypd_ssd_gpio-20220129T172209Z-001/kypd_ssd_gpio/kypd_ssd_gpio.sdk/lab1proj/Debug/lab1proj.elf
configparams force-mem-access 0
----------------End of Script----------------

14:15:37 INFO  : Memory regions updated for context APU
14:15:37 INFO  : Context for processor 'ps7_cortexa9_0' is selected.
14:15:37 INFO  : 'con' command is executed.
14:15:37 INFO  : ----------------XSDB Script (After Launch)----------------
targets -set -nocase -filter {name =~ "ARM*#0" && jtag_cable_name =~ "Digilent Zybo Z7 210351AB6E73A"} -index 0
con
----------------End of Script----------------

14:15:37 INFO  : Launch script is exported to file '/home/macmala/Documents/Courses/ECE315/labs/lab1/kypd_ssd_gpio-20220129T172209Z-001/kypd_ssd_gpio/kypd_ssd_gpio.sdk/.sdk/launch_scripts/xilinx_c-c++_application_(system_debugger)/system_debugger_on_local.tcl'
14:16:54 INFO  : Disconnected from the channel tcfchan#11.
14:16:55 INFO  : Connected to target on host '127.0.0.1' and port '3121'.
14:16:55 INFO  : Jtag cable 'Digilent Zybo Z7 210351AB6E73A' is selected.
14:16:55 INFO  : 'jtag frequency' command is executed.
14:16:55 INFO  : Sourcing of '/home/macmala/Documents/Courses/ECE315/labs/lab1/kypd_ssd_gpio-20220129T172209Z-001/kypd_ssd_gpio/kypd_ssd_gpio.sdk/design_1_wrapper_hw_platform_0/ps7_init.tcl' is done.
14:16:55 INFO  : Context for 'APU' is selected.
14:16:55 INFO  : System reset is completed.
14:16:58 INFO  : 'after 3000' command is executed.
14:16:58 INFO  : 'targets -set -filter {jtag_cable_name =~ "Digilent Zybo Z7 210351AB6E73A" && level==0} -index 1' command is executed.
14:16:59 INFO  : FPGA configured successfully with bitstream "/home/macmala/Documents/Courses/ECE315/labs/lab1/kypd_ssd_gpio-20220129T172209Z-001/kypd_ssd_gpio/kypd_ssd_gpio.sdk/design_1_wrapper_hw_platform_0/design_1_wrapper.bit"
14:16:59 INFO  : Context for 'APU' is selected.
14:17:00 INFO  : Hardware design information is loaded from '/home/macmala/Documents/Courses/ECE315/labs/lab1/kypd_ssd_gpio-20220129T172209Z-001/kypd_ssd_gpio/kypd_ssd_gpio.sdk/design_1_wrapper_hw_platform_0/system.hdf'.
14:17:00 INFO  : 'configparams force-mem-access 1' command is executed.
14:17:00 INFO  : Context for 'APU' is selected.
14:17:00 INFO  : 'ps7_init' command is executed.
14:17:00 INFO  : 'ps7_post_config' command is executed.
14:17:00 INFO  : Context for processor 'ps7_cortexa9_0' is selected.
14:17:00 INFO  : The application '/home/macmala/Documents/Courses/ECE315/labs/lab1/kypd_ssd_gpio-20220129T172209Z-001/kypd_ssd_gpio/kypd_ssd_gpio.sdk/lab1proj/Debug/lab1proj.elf' is downloaded to processor 'ps7_cortexa9_0'.
14:17:00 INFO  : 'configparams force-mem-access 0' command is executed.
14:17:00 INFO  : ----------------XSDB Script----------------
connect -url tcp:127.0.0.1:3121
source /home/macmala/Documents/Courses/ECE315/labs/lab1/kypd_ssd_gpio-20220129T172209Z-001/kypd_ssd_gpio/kypd_ssd_gpio.sdk/design_1_wrapper_hw_platform_0/ps7_init.tcl
targets -set -nocase -filter {name =~"APU*" && jtag_cable_name =~ "Digilent Zybo Z7 210351AB6E73A"} -index 0
rst -system
after 3000
targets -set -filter {jtag_cable_name =~ "Digilent Zybo Z7 210351AB6E73A" && level==0} -index 1
fpga -file /home/macmala/Documents/Courses/ECE315/labs/lab1/kypd_ssd_gpio-20220129T172209Z-001/kypd_ssd_gpio/kypd_ssd_gpio.sdk/design_1_wrapper_hw_platform_0/design_1_wrapper.bit
targets -set -nocase -filter {name =~"APU*" && jtag_cable_name =~ "Digilent Zybo Z7 210351AB6E73A"} -index 0
loadhw -hw /home/macmala/Documents/Courses/ECE315/labs/lab1/kypd_ssd_gpio-20220129T172209Z-001/kypd_ssd_gpio/kypd_ssd_gpio.sdk/design_1_wrapper_hw_platform_0/system.hdf -mem-ranges [list {0x40000000 0xbfffffff}]
configparams force-mem-access 1
targets -set -nocase -filter {name =~"APU*" && jtag_cable_name =~ "Digilent Zybo Z7 210351AB6E73A"} -index 0
ps7_init
ps7_post_config
targets -set -nocase -filter {name =~ "ARM*#0" && jtag_cable_name =~ "Digilent Zybo Z7 210351AB6E73A"} -index 0
dow /home/macmala/Documents/Courses/ECE315/labs/lab1/kypd_ssd_gpio-20220129T172209Z-001/kypd_ssd_gpio/kypd_ssd_gpio.sdk/lab1proj/Debug/lab1proj.elf
configparams force-mem-access 0
----------------End of Script----------------

14:17:00 INFO  : Memory regions updated for context APU
14:17:00 INFO  : Context for processor 'ps7_cortexa9_0' is selected.
14:17:00 INFO  : 'con' command is executed.
14:17:00 INFO  : ----------------XSDB Script (After Launch)----------------
targets -set -nocase -filter {name =~ "ARM*#0" && jtag_cable_name =~ "Digilent Zybo Z7 210351AB6E73A"} -index 0
con
----------------End of Script----------------

14:17:00 INFO  : Launch script is exported to file '/home/macmala/Documents/Courses/ECE315/labs/lab1/kypd_ssd_gpio-20220129T172209Z-001/kypd_ssd_gpio/kypd_ssd_gpio.sdk/.sdk/launch_scripts/xilinx_c-c++_application_(system_debugger)/system_debugger_on_local.tcl'
14:17:35 INFO  : Disconnected from the channel tcfchan#12.
14:17:36 INFO  : Connected to target on host '127.0.0.1' and port '3121'.
14:17:36 INFO  : Jtag cable 'Digilent Zybo Z7 210351AB6E73A' is selected.
14:17:36 INFO  : 'jtag frequency' command is executed.
14:17:36 INFO  : Sourcing of '/home/macmala/Documents/Courses/ECE315/labs/lab1/kypd_ssd_gpio-20220129T172209Z-001/kypd_ssd_gpio/kypd_ssd_gpio.sdk/design_1_wrapper_hw_platform_0/ps7_init.tcl' is done.
14:17:36 INFO  : Context for 'APU' is selected.
14:17:36 INFO  : System reset is completed.
14:17:39 INFO  : 'after 3000' command is executed.
14:17:39 INFO  : 'targets -set -filter {jtag_cable_name =~ "Digilent Zybo Z7 210351AB6E73A" && level==0} -index 1' command is executed.
14:17:40 INFO  : FPGA configured successfully with bitstream "/home/macmala/Documents/Courses/ECE315/labs/lab1/kypd_ssd_gpio-20220129T172209Z-001/kypd_ssd_gpio/kypd_ssd_gpio.sdk/design_1_wrapper_hw_platform_0/design_1_wrapper.bit"
14:17:40 INFO  : Context for 'APU' is selected.
14:17:41 INFO  : Hardware design information is loaded from '/home/macmala/Documents/Courses/ECE315/labs/lab1/kypd_ssd_gpio-20220129T172209Z-001/kypd_ssd_gpio/kypd_ssd_gpio.sdk/design_1_wrapper_hw_platform_0/system.hdf'.
14:17:41 INFO  : 'configparams force-mem-access 1' command is executed.
14:17:41 INFO  : Context for 'APU' is selected.
14:17:41 INFO  : 'ps7_init' command is executed.
14:17:41 INFO  : 'ps7_post_config' command is executed.
14:17:41 INFO  : Context for processor 'ps7_cortexa9_0' is selected.
14:17:42 INFO  : The application '/home/macmala/Documents/Courses/ECE315/labs/lab1/kypd_ssd_gpio-20220129T172209Z-001/kypd_ssd_gpio/kypd_ssd_gpio.sdk/lab1proj/Debug/lab1proj.elf' is downloaded to processor 'ps7_cortexa9_0'.
14:17:42 INFO  : 'configparams force-mem-access 0' command is executed.
14:17:42 INFO  : ----------------XSDB Script----------------
connect -url tcp:127.0.0.1:3121
source /home/macmala/Documents/Courses/ECE315/labs/lab1/kypd_ssd_gpio-20220129T172209Z-001/kypd_ssd_gpio/kypd_ssd_gpio.sdk/design_1_wrapper_hw_platform_0/ps7_init.tcl
targets -set -nocase -filter {name =~"APU*" && jtag_cable_name =~ "Digilent Zybo Z7 210351AB6E73A"} -index 0
rst -system
after 3000
targets -set -filter {jtag_cable_name =~ "Digilent Zybo Z7 210351AB6E73A" && level==0} -index 1
fpga -file /home/macmala/Documents/Courses/ECE315/labs/lab1/kypd_ssd_gpio-20220129T172209Z-001/kypd_ssd_gpio/kypd_ssd_gpio.sdk/design_1_wrapper_hw_platform_0/design_1_wrapper.bit
targets -set -nocase -filter {name =~"APU*" && jtag_cable_name =~ "Digilent Zybo Z7 210351AB6E73A"} -index 0
loadhw -hw /home/macmala/Documents/Courses/ECE315/labs/lab1/kypd_ssd_gpio-20220129T172209Z-001/kypd_ssd_gpio/kypd_ssd_gpio.sdk/design_1_wrapper_hw_platform_0/system.hdf -mem-ranges [list {0x40000000 0xbfffffff}]
configparams force-mem-access 1
targets -set -nocase -filter {name =~"APU*" && jtag_cable_name =~ "Digilent Zybo Z7 210351AB6E73A"} -index 0
ps7_init
ps7_post_config
targets -set -nocase -filter {name =~ "ARM*#0" && jtag_cable_name =~ "Digilent Zybo Z7 210351AB6E73A"} -index 0
dow /home/macmala/Documents/Courses/ECE315/labs/lab1/kypd_ssd_gpio-20220129T172209Z-001/kypd_ssd_gpio/kypd_ssd_gpio.sdk/lab1proj/Debug/lab1proj.elf
configparams force-mem-access 0
----------------End of Script----------------

14:17:42 INFO  : Memory regions updated for context APU
14:17:42 INFO  : Context for processor 'ps7_cortexa9_0' is selected.
14:17:42 INFO  : 'con' command is executed.
14:17:42 INFO  : ----------------XSDB Script (After Launch)----------------
targets -set -nocase -filter {name =~ "ARM*#0" && jtag_cable_name =~ "Digilent Zybo Z7 210351AB6E73A"} -index 0
con
----------------End of Script----------------

14:17:42 INFO  : Launch script is exported to file '/home/macmala/Documents/Courses/ECE315/labs/lab1/kypd_ssd_gpio-20220129T172209Z-001/kypd_ssd_gpio/kypd_ssd_gpio.sdk/.sdk/launch_scripts/xilinx_c-c++_application_(system_debugger)/system_debugger_on_local.tcl'
14:18:42 INFO  : Disconnected from the channel tcfchan#13.
14:18:43 INFO  : Connected to target on host '127.0.0.1' and port '3121'.
14:18:43 INFO  : Jtag cable 'Digilent Zybo Z7 210351AB6E73A' is selected.
14:18:43 INFO  : 'jtag frequency' command is executed.
14:18:43 INFO  : Sourcing of '/home/macmala/Documents/Courses/ECE315/labs/lab1/kypd_ssd_gpio-20220129T172209Z-001/kypd_ssd_gpio/kypd_ssd_gpio.sdk/design_1_wrapper_hw_platform_0/ps7_init.tcl' is done.
14:18:43 INFO  : Context for 'APU' is selected.
14:18:43 INFO  : System reset is completed.
14:18:46 INFO  : 'after 3000' command is executed.
14:18:46 INFO  : 'targets -set -filter {jtag_cable_name =~ "Digilent Zybo Z7 210351AB6E73A" && level==0} -index 1' command is executed.
14:18:47 INFO  : FPGA configured successfully with bitstream "/home/macmala/Documents/Courses/ECE315/labs/lab1/kypd_ssd_gpio-20220129T172209Z-001/kypd_ssd_gpio/kypd_ssd_gpio.sdk/design_1_wrapper_hw_platform_0/design_1_wrapper.bit"
14:18:47 INFO  : Context for 'APU' is selected.
14:18:48 INFO  : Hardware design information is loaded from '/home/macmala/Documents/Courses/ECE315/labs/lab1/kypd_ssd_gpio-20220129T172209Z-001/kypd_ssd_gpio/kypd_ssd_gpio.sdk/design_1_wrapper_hw_platform_0/system.hdf'.
14:18:48 INFO  : 'configparams force-mem-access 1' command is executed.
14:18:48 INFO  : Context for 'APU' is selected.
14:18:48 INFO  : 'ps7_init' command is executed.
14:18:48 INFO  : 'ps7_post_config' command is executed.
14:18:48 INFO  : Context for processor 'ps7_cortexa9_0' is selected.
14:18:49 INFO  : The application '/home/macmala/Documents/Courses/ECE315/labs/lab1/kypd_ssd_gpio-20220129T172209Z-001/kypd_ssd_gpio/kypd_ssd_gpio.sdk/lab1proj/Debug/lab1proj.elf' is downloaded to processor 'ps7_cortexa9_0'.
14:18:49 INFO  : 'configparams force-mem-access 0' command is executed.
14:18:49 INFO  : ----------------XSDB Script----------------
connect -url tcp:127.0.0.1:3121
source /home/macmala/Documents/Courses/ECE315/labs/lab1/kypd_ssd_gpio-20220129T172209Z-001/kypd_ssd_gpio/kypd_ssd_gpio.sdk/design_1_wrapper_hw_platform_0/ps7_init.tcl
targets -set -nocase -filter {name =~"APU*" && jtag_cable_name =~ "Digilent Zybo Z7 210351AB6E73A"} -index 0
rst -system
after 3000
targets -set -filter {jtag_cable_name =~ "Digilent Zybo Z7 210351AB6E73A" && level==0} -index 1
fpga -file /home/macmala/Documents/Courses/ECE315/labs/lab1/kypd_ssd_gpio-20220129T172209Z-001/kypd_ssd_gpio/kypd_ssd_gpio.sdk/design_1_wrapper_hw_platform_0/design_1_wrapper.bit
targets -set -nocase -filter {name =~"APU*" && jtag_cable_name =~ "Digilent Zybo Z7 210351AB6E73A"} -index 0
loadhw -hw /home/macmala/Documents/Courses/ECE315/labs/lab1/kypd_ssd_gpio-20220129T172209Z-001/kypd_ssd_gpio/kypd_ssd_gpio.sdk/design_1_wrapper_hw_platform_0/system.hdf -mem-ranges [list {0x40000000 0xbfffffff}]
configparams force-mem-access 1
targets -set -nocase -filter {name =~"APU*" && jtag_cable_name =~ "Digilent Zybo Z7 210351AB6E73A"} -index 0
ps7_init
ps7_post_config
targets -set -nocase -filter {name =~ "ARM*#0" && jtag_cable_name =~ "Digilent Zybo Z7 210351AB6E73A"} -index 0
dow /home/macmala/Documents/Courses/ECE315/labs/lab1/kypd_ssd_gpio-20220129T172209Z-001/kypd_ssd_gpio/kypd_ssd_gpio.sdk/lab1proj/Debug/lab1proj.elf
configparams force-mem-access 0
----------------End of Script----------------

14:18:49 INFO  : Memory regions updated for context APU
14:18:49 INFO  : Context for processor 'ps7_cortexa9_0' is selected.
14:18:49 INFO  : 'con' command is executed.
14:18:49 INFO  : ----------------XSDB Script (After Launch)----------------
targets -set -nocase -filter {name =~ "ARM*#0" && jtag_cable_name =~ "Digilent Zybo Z7 210351AB6E73A"} -index 0
con
----------------End of Script----------------

14:18:49 INFO  : Launch script is exported to file '/home/macmala/Documents/Courses/ECE315/labs/lab1/kypd_ssd_gpio-20220129T172209Z-001/kypd_ssd_gpio/kypd_ssd_gpio.sdk/.sdk/launch_scripts/xilinx_c-c++_application_(system_debugger)/system_debugger_on_local.tcl'
14:20:15 INFO  : Disconnected from the channel tcfchan#14.
14:20:16 INFO  : Connected to target on host '127.0.0.1' and port '3121'.
14:20:16 INFO  : Jtag cable 'Digilent Zybo Z7 210351AB6E73A' is selected.
14:20:16 INFO  : 'jtag frequency' command is executed.
14:20:16 INFO  : Sourcing of '/home/macmala/Documents/Courses/ECE315/labs/lab1/kypd_ssd_gpio-20220129T172209Z-001/kypd_ssd_gpio/kypd_ssd_gpio.sdk/design_1_wrapper_hw_platform_0/ps7_init.tcl' is done.
14:20:16 INFO  : Context for 'APU' is selected.
14:20:16 INFO  : System reset is completed.
14:20:19 INFO  : 'after 3000' command is executed.
14:20:19 INFO  : 'targets -set -filter {jtag_cable_name =~ "Digilent Zybo Z7 210351AB6E73A" && level==0} -index 1' command is executed.
14:20:20 INFO  : FPGA configured successfully with bitstream "/home/macmala/Documents/Courses/ECE315/labs/lab1/kypd_ssd_gpio-20220129T172209Z-001/kypd_ssd_gpio/kypd_ssd_gpio.sdk/design_1_wrapper_hw_platform_0/design_1_wrapper.bit"
14:20:21 INFO  : Context for 'APU' is selected.
14:20:21 INFO  : Hardware design information is loaded from '/home/macmala/Documents/Courses/ECE315/labs/lab1/kypd_ssd_gpio-20220129T172209Z-001/kypd_ssd_gpio/kypd_ssd_gpio.sdk/design_1_wrapper_hw_platform_0/system.hdf'.
14:20:21 INFO  : 'configparams force-mem-access 1' command is executed.
14:20:21 INFO  : Context for 'APU' is selected.
14:20:21 INFO  : 'ps7_init' command is executed.
14:20:21 INFO  : 'ps7_post_config' command is executed.
14:20:21 INFO  : Context for processor 'ps7_cortexa9_0' is selected.
14:20:22 INFO  : The application '/home/macmala/Documents/Courses/ECE315/labs/lab1/kypd_ssd_gpio-20220129T172209Z-001/kypd_ssd_gpio/kypd_ssd_gpio.sdk/lab1proj/Debug/lab1proj.elf' is downloaded to processor 'ps7_cortexa9_0'.
14:20:22 INFO  : 'configparams force-mem-access 0' command is executed.
14:20:22 INFO  : ----------------XSDB Script----------------
connect -url tcp:127.0.0.1:3121
source /home/macmala/Documents/Courses/ECE315/labs/lab1/kypd_ssd_gpio-20220129T172209Z-001/kypd_ssd_gpio/kypd_ssd_gpio.sdk/design_1_wrapper_hw_platform_0/ps7_init.tcl
targets -set -nocase -filter {name =~"APU*" && jtag_cable_name =~ "Digilent Zybo Z7 210351AB6E73A"} -index 0
rst -system
after 3000
targets -set -filter {jtag_cable_name =~ "Digilent Zybo Z7 210351AB6E73A" && level==0} -index 1
fpga -file /home/macmala/Documents/Courses/ECE315/labs/lab1/kypd_ssd_gpio-20220129T172209Z-001/kypd_ssd_gpio/kypd_ssd_gpio.sdk/design_1_wrapper_hw_platform_0/design_1_wrapper.bit
targets -set -nocase -filter {name =~"APU*" && jtag_cable_name =~ "Digilent Zybo Z7 210351AB6E73A"} -index 0
loadhw -hw /home/macmala/Documents/Courses/ECE315/labs/lab1/kypd_ssd_gpio-20220129T172209Z-001/kypd_ssd_gpio/kypd_ssd_gpio.sdk/design_1_wrapper_hw_platform_0/system.hdf -mem-ranges [list {0x40000000 0xbfffffff}]
configparams force-mem-access 1
targets -set -nocase -filter {name =~"APU*" && jtag_cable_name =~ "Digilent Zybo Z7 210351AB6E73A"} -index 0
ps7_init
ps7_post_config
targets -set -nocase -filter {name =~ "ARM*#0" && jtag_cable_name =~ "Digilent Zybo Z7 210351AB6E73A"} -index 0
dow /home/macmala/Documents/Courses/ECE315/labs/lab1/kypd_ssd_gpio-20220129T172209Z-001/kypd_ssd_gpio/kypd_ssd_gpio.sdk/lab1proj/Debug/lab1proj.elf
configparams force-mem-access 0
----------------End of Script----------------

14:20:22 INFO  : Memory regions updated for context APU
14:20:22 INFO  : Context for processor 'ps7_cortexa9_0' is selected.
14:20:22 INFO  : 'con' command is executed.
14:20:22 INFO  : ----------------XSDB Script (After Launch)----------------
targets -set -nocase -filter {name =~ "ARM*#0" && jtag_cable_name =~ "Digilent Zybo Z7 210351AB6E73A"} -index 0
con
----------------End of Script----------------

14:20:22 INFO  : Launch script is exported to file '/home/macmala/Documents/Courses/ECE315/labs/lab1/kypd_ssd_gpio-20220129T172209Z-001/kypd_ssd_gpio/kypd_ssd_gpio.sdk/.sdk/launch_scripts/xilinx_c-c++_application_(system_debugger)/system_debugger_on_local.tcl'
14:20:55 INFO  : Disconnected from the channel tcfchan#15.
14:20:56 INFO  : Connected to target on host '127.0.0.1' and port '3121'.
14:20:57 INFO  : Jtag cable 'Digilent Zybo Z7 210351AB6E73A' is selected.
14:20:57 INFO  : 'jtag frequency' command is executed.
14:20:57 INFO  : Sourcing of '/home/macmala/Documents/Courses/ECE315/labs/lab1/kypd_ssd_gpio-20220129T172209Z-001/kypd_ssd_gpio/kypd_ssd_gpio.sdk/design_1_wrapper_hw_platform_0/ps7_init.tcl' is done.
14:20:57 INFO  : Context for 'APU' is selected.
14:20:57 INFO  : System reset is completed.
14:21:00 INFO  : 'after 3000' command is executed.
14:21:00 INFO  : 'targets -set -filter {jtag_cable_name =~ "Digilent Zybo Z7 210351AB6E73A" && level==0} -index 1' command is executed.
14:21:01 INFO  : FPGA configured successfully with bitstream "/home/macmala/Documents/Courses/ECE315/labs/lab1/kypd_ssd_gpio-20220129T172209Z-001/kypd_ssd_gpio/kypd_ssd_gpio.sdk/design_1_wrapper_hw_platform_0/design_1_wrapper.bit"
14:21:01 INFO  : Context for 'APU' is selected.
14:21:02 INFO  : Hardware design information is loaded from '/home/macmala/Documents/Courses/ECE315/labs/lab1/kypd_ssd_gpio-20220129T172209Z-001/kypd_ssd_gpio/kypd_ssd_gpio.sdk/design_1_wrapper_hw_platform_0/system.hdf'.
14:21:02 INFO  : 'configparams force-mem-access 1' command is executed.
14:21:02 INFO  : Context for 'APU' is selected.
14:21:02 INFO  : 'ps7_init' command is executed.
14:21:02 INFO  : 'ps7_post_config' command is executed.
14:21:02 INFO  : Context for processor 'ps7_cortexa9_0' is selected.
14:21:02 INFO  : The application '/home/macmala/Documents/Courses/ECE315/labs/lab1/kypd_ssd_gpio-20220129T172209Z-001/kypd_ssd_gpio/kypd_ssd_gpio.sdk/lab1proj/Debug/lab1proj.elf' is downloaded to processor 'ps7_cortexa9_0'.
14:21:02 INFO  : 'configparams force-mem-access 0' command is executed.
14:21:02 INFO  : ----------------XSDB Script----------------
connect -url tcp:127.0.0.1:3121
source /home/macmala/Documents/Courses/ECE315/labs/lab1/kypd_ssd_gpio-20220129T172209Z-001/kypd_ssd_gpio/kypd_ssd_gpio.sdk/design_1_wrapper_hw_platform_0/ps7_init.tcl
targets -set -nocase -filter {name =~"APU*" && jtag_cable_name =~ "Digilent Zybo Z7 210351AB6E73A"} -index 0
rst -system
after 3000
targets -set -filter {jtag_cable_name =~ "Digilent Zybo Z7 210351AB6E73A" && level==0} -index 1
fpga -file /home/macmala/Documents/Courses/ECE315/labs/lab1/kypd_ssd_gpio-20220129T172209Z-001/kypd_ssd_gpio/kypd_ssd_gpio.sdk/design_1_wrapper_hw_platform_0/design_1_wrapper.bit
targets -set -nocase -filter {name =~"APU*" && jtag_cable_name =~ "Digilent Zybo Z7 210351AB6E73A"} -index 0
loadhw -hw /home/macmala/Documents/Courses/ECE315/labs/lab1/kypd_ssd_gpio-20220129T172209Z-001/kypd_ssd_gpio/kypd_ssd_gpio.sdk/design_1_wrapper_hw_platform_0/system.hdf -mem-ranges [list {0x40000000 0xbfffffff}]
configparams force-mem-access 1
targets -set -nocase -filter {name =~"APU*" && jtag_cable_name =~ "Digilent Zybo Z7 210351AB6E73A"} -index 0
ps7_init
ps7_post_config
targets -set -nocase -filter {name =~ "ARM*#0" && jtag_cable_name =~ "Digilent Zybo Z7 210351AB6E73A"} -index 0
dow /home/macmala/Documents/Courses/ECE315/labs/lab1/kypd_ssd_gpio-20220129T172209Z-001/kypd_ssd_gpio/kypd_ssd_gpio.sdk/lab1proj/Debug/lab1proj.elf
configparams force-mem-access 0
----------------End of Script----------------

14:21:02 INFO  : Memory regions updated for context APU
14:21:02 INFO  : Context for processor 'ps7_cortexa9_0' is selected.
14:21:02 INFO  : 'con' command is executed.
14:21:02 INFO  : ----------------XSDB Script (After Launch)----------------
targets -set -nocase -filter {name =~ "ARM*#0" && jtag_cable_name =~ "Digilent Zybo Z7 210351AB6E73A"} -index 0
con
----------------End of Script----------------

14:21:02 INFO  : Launch script is exported to file '/home/macmala/Documents/Courses/ECE315/labs/lab1/kypd_ssd_gpio-20220129T172209Z-001/kypd_ssd_gpio/kypd_ssd_gpio.sdk/.sdk/launch_scripts/xilinx_c-c++_application_(system_debugger)/system_debugger_on_local.tcl'
14:21:25 INFO  : Disconnected from the channel tcfchan#16.
14:21:26 INFO  : Connected to target on host '127.0.0.1' and port '3121'.
14:21:26 INFO  : Jtag cable 'Digilent Zybo Z7 210351AB6E73A' is selected.
14:21:26 INFO  : 'jtag frequency' command is executed.
14:21:26 INFO  : Sourcing of '/home/macmala/Documents/Courses/ECE315/labs/lab1/kypd_ssd_gpio-20220129T172209Z-001/kypd_ssd_gpio/kypd_ssd_gpio.sdk/design_1_wrapper_hw_platform_0/ps7_init.tcl' is done.
14:21:26 INFO  : Context for 'APU' is selected.
14:21:26 INFO  : System reset is completed.
14:21:29 INFO  : 'after 3000' command is executed.
14:21:29 INFO  : 'targets -set -filter {jtag_cable_name =~ "Digilent Zybo Z7 210351AB6E73A" && level==0} -index 1' command is executed.
14:21:30 INFO  : FPGA configured successfully with bitstream "/home/macmala/Documents/Courses/ECE315/labs/lab1/kypd_ssd_gpio-20220129T172209Z-001/kypd_ssd_gpio/kypd_ssd_gpio.sdk/design_1_wrapper_hw_platform_0/design_1_wrapper.bit"
14:21:30 INFO  : Context for 'APU' is selected.
14:21:31 INFO  : Hardware design information is loaded from '/home/macmala/Documents/Courses/ECE315/labs/lab1/kypd_ssd_gpio-20220129T172209Z-001/kypd_ssd_gpio/kypd_ssd_gpio.sdk/design_1_wrapper_hw_platform_0/system.hdf'.
14:21:31 INFO  : 'configparams force-mem-access 1' command is executed.
14:21:31 INFO  : Context for 'APU' is selected.
14:21:31 INFO  : 'ps7_init' command is executed.
14:21:31 INFO  : 'ps7_post_config' command is executed.
14:21:31 INFO  : Context for processor 'ps7_cortexa9_0' is selected.
14:21:31 INFO  : The application '/home/macmala/Documents/Courses/ECE315/labs/lab1/kypd_ssd_gpio-20220129T172209Z-001/kypd_ssd_gpio/kypd_ssd_gpio.sdk/lab1proj/Debug/lab1proj.elf' is downloaded to processor 'ps7_cortexa9_0'.
14:21:31 INFO  : 'configparams force-mem-access 0' command is executed.
14:21:31 INFO  : ----------------XSDB Script----------------
connect -url tcp:127.0.0.1:3121
source /home/macmala/Documents/Courses/ECE315/labs/lab1/kypd_ssd_gpio-20220129T172209Z-001/kypd_ssd_gpio/kypd_ssd_gpio.sdk/design_1_wrapper_hw_platform_0/ps7_init.tcl
targets -set -nocase -filter {name =~"APU*" && jtag_cable_name =~ "Digilent Zybo Z7 210351AB6E73A"} -index 0
rst -system
after 3000
targets -set -filter {jtag_cable_name =~ "Digilent Zybo Z7 210351AB6E73A" && level==0} -index 1
fpga -file /home/macmala/Documents/Courses/ECE315/labs/lab1/kypd_ssd_gpio-20220129T172209Z-001/kypd_ssd_gpio/kypd_ssd_gpio.sdk/design_1_wrapper_hw_platform_0/design_1_wrapper.bit
targets -set -nocase -filter {name =~"APU*" && jtag_cable_name =~ "Digilent Zybo Z7 210351AB6E73A"} -index 0
loadhw -hw /home/macmala/Documents/Courses/ECE315/labs/lab1/kypd_ssd_gpio-20220129T172209Z-001/kypd_ssd_gpio/kypd_ssd_gpio.sdk/design_1_wrapper_hw_platform_0/system.hdf -mem-ranges [list {0x40000000 0xbfffffff}]
configparams force-mem-access 1
targets -set -nocase -filter {name =~"APU*" && jtag_cable_name =~ "Digilent Zybo Z7 210351AB6E73A"} -index 0
ps7_init
ps7_post_config
targets -set -nocase -filter {name =~ "ARM*#0" && jtag_cable_name =~ "Digilent Zybo Z7 210351AB6E73A"} -index 0
dow /home/macmala/Documents/Courses/ECE315/labs/lab1/kypd_ssd_gpio-20220129T172209Z-001/kypd_ssd_gpio/kypd_ssd_gpio.sdk/lab1proj/Debug/lab1proj.elf
configparams force-mem-access 0
----------------End of Script----------------

14:21:31 INFO  : Memory regions updated for context APU
14:21:31 INFO  : Context for processor 'ps7_cortexa9_0' is selected.
14:21:31 INFO  : 'con' command is executed.
14:21:31 INFO  : ----------------XSDB Script (After Launch)----------------
targets -set -nocase -filter {name =~ "ARM*#0" && jtag_cable_name =~ "Digilent Zybo Z7 210351AB6E73A"} -index 0
con
----------------End of Script----------------

14:21:31 INFO  : Launch script is exported to file '/home/macmala/Documents/Courses/ECE315/labs/lab1/kypd_ssd_gpio-20220129T172209Z-001/kypd_ssd_gpio/kypd_ssd_gpio.sdk/.sdk/launch_scripts/xilinx_c-c++_application_(system_debugger)/system_debugger_on_local.tcl'
14:22:34 INFO  : Disconnected from the channel tcfchan#17.
14:22:35 INFO  : Connected to target on host '127.0.0.1' and port '3121'.
14:22:35 INFO  : Jtag cable 'Digilent Zybo Z7 210351AB6E73A' is selected.
14:22:35 INFO  : 'jtag frequency' command is executed.
14:22:35 INFO  : Sourcing of '/home/macmala/Documents/Courses/ECE315/labs/lab1/kypd_ssd_gpio-20220129T172209Z-001/kypd_ssd_gpio/kypd_ssd_gpio.sdk/design_1_wrapper_hw_platform_0/ps7_init.tcl' is done.
14:22:35 INFO  : Context for 'APU' is selected.
14:22:35 INFO  : System reset is completed.
14:22:38 INFO  : 'after 3000' command is executed.
14:22:38 INFO  : 'targets -set -filter {jtag_cable_name =~ "Digilent Zybo Z7 210351AB6E73A" && level==0} -index 1' command is executed.
14:22:39 INFO  : FPGA configured successfully with bitstream "/home/macmala/Documents/Courses/ECE315/labs/lab1/kypd_ssd_gpio-20220129T172209Z-001/kypd_ssd_gpio/kypd_ssd_gpio.sdk/design_1_wrapper_hw_platform_0/design_1_wrapper.bit"
14:22:39 INFO  : Context for 'APU' is selected.
14:22:40 INFO  : Hardware design information is loaded from '/home/macmala/Documents/Courses/ECE315/labs/lab1/kypd_ssd_gpio-20220129T172209Z-001/kypd_ssd_gpio/kypd_ssd_gpio.sdk/design_1_wrapper_hw_platform_0/system.hdf'.
14:22:40 INFO  : 'configparams force-mem-access 1' command is executed.
14:22:40 INFO  : Context for 'APU' is selected.
14:22:40 INFO  : 'ps7_init' command is executed.
14:22:40 INFO  : 'ps7_post_config' command is executed.
14:22:40 INFO  : Context for processor 'ps7_cortexa9_0' is selected.
14:22:41 INFO  : The application '/home/macmala/Documents/Courses/ECE315/labs/lab1/kypd_ssd_gpio-20220129T172209Z-001/kypd_ssd_gpio/kypd_ssd_gpio.sdk/lab1proj/Debug/lab1proj.elf' is downloaded to processor 'ps7_cortexa9_0'.
14:22:41 INFO  : 'configparams force-mem-access 0' command is executed.
14:22:41 INFO  : ----------------XSDB Script----------------
connect -url tcp:127.0.0.1:3121
source /home/macmala/Documents/Courses/ECE315/labs/lab1/kypd_ssd_gpio-20220129T172209Z-001/kypd_ssd_gpio/kypd_ssd_gpio.sdk/design_1_wrapper_hw_platform_0/ps7_init.tcl
targets -set -nocase -filter {name =~"APU*" && jtag_cable_name =~ "Digilent Zybo Z7 210351AB6E73A"} -index 0
rst -system
after 3000
targets -set -filter {jtag_cable_name =~ "Digilent Zybo Z7 210351AB6E73A" && level==0} -index 1
fpga -file /home/macmala/Documents/Courses/ECE315/labs/lab1/kypd_ssd_gpio-20220129T172209Z-001/kypd_ssd_gpio/kypd_ssd_gpio.sdk/design_1_wrapper_hw_platform_0/design_1_wrapper.bit
targets -set -nocase -filter {name =~"APU*" && jtag_cable_name =~ "Digilent Zybo Z7 210351AB6E73A"} -index 0
loadhw -hw /home/macmala/Documents/Courses/ECE315/labs/lab1/kypd_ssd_gpio-20220129T172209Z-001/kypd_ssd_gpio/kypd_ssd_gpio.sdk/design_1_wrapper_hw_platform_0/system.hdf -mem-ranges [list {0x40000000 0xbfffffff}]
configparams force-mem-access 1
targets -set -nocase -filter {name =~"APU*" && jtag_cable_name =~ "Digilent Zybo Z7 210351AB6E73A"} -index 0
ps7_init
ps7_post_config
targets -set -nocase -filter {name =~ "ARM*#0" && jtag_cable_name =~ "Digilent Zybo Z7 210351AB6E73A"} -index 0
dow /home/macmala/Documents/Courses/ECE315/labs/lab1/kypd_ssd_gpio-20220129T172209Z-001/kypd_ssd_gpio/kypd_ssd_gpio.sdk/lab1proj/Debug/lab1proj.elf
configparams force-mem-access 0
----------------End of Script----------------

14:22:41 INFO  : Memory regions updated for context APU
14:22:41 INFO  : Context for processor 'ps7_cortexa9_0' is selected.
14:22:41 INFO  : 'con' command is executed.
14:22:41 INFO  : ----------------XSDB Script (After Launch)----------------
targets -set -nocase -filter {name =~ "ARM*#0" && jtag_cable_name =~ "Digilent Zybo Z7 210351AB6E73A"} -index 0
con
----------------End of Script----------------

14:22:41 INFO  : Launch script is exported to file '/home/macmala/Documents/Courses/ECE315/labs/lab1/kypd_ssd_gpio-20220129T172209Z-001/kypd_ssd_gpio/kypd_ssd_gpio.sdk/.sdk/launch_scripts/xilinx_c-c++_application_(system_debugger)/system_debugger_on_local.tcl'
14:26:25 INFO  : Disconnected from the channel tcfchan#18.
14:26:26 INFO  : Connected to target on host '127.0.0.1' and port '3121'.
14:26:26 INFO  : Jtag cable 'Digilent Zybo Z7 210351AB6E73A' is selected.
14:26:26 INFO  : 'jtag frequency' command is executed.
14:26:26 INFO  : Sourcing of '/home/macmala/Documents/Courses/ECE315/labs/lab1/kypd_ssd_gpio-20220129T172209Z-001/kypd_ssd_gpio/kypd_ssd_gpio.sdk/design_1_wrapper_hw_platform_0/ps7_init.tcl' is done.
14:26:26 INFO  : Context for 'APU' is selected.
14:26:26 INFO  : System reset is completed.
14:26:29 INFO  : 'after 3000' command is executed.
14:26:29 INFO  : 'targets -set -filter {jtag_cable_name =~ "Digilent Zybo Z7 210351AB6E73A" && level==0} -index 1' command is executed.
14:26:30 INFO  : FPGA configured successfully with bitstream "/home/macmala/Documents/Courses/ECE315/labs/lab1/kypd_ssd_gpio-20220129T172209Z-001/kypd_ssd_gpio/kypd_ssd_gpio.sdk/design_1_wrapper_hw_platform_0/design_1_wrapper.bit"
14:26:30 INFO  : Context for 'APU' is selected.
14:26:31 INFO  : Hardware design information is loaded from '/home/macmala/Documents/Courses/ECE315/labs/lab1/kypd_ssd_gpio-20220129T172209Z-001/kypd_ssd_gpio/kypd_ssd_gpio.sdk/design_1_wrapper_hw_platform_0/system.hdf'.
14:26:31 INFO  : 'configparams force-mem-access 1' command is executed.
14:26:31 INFO  : Context for 'APU' is selected.
14:26:31 INFO  : 'ps7_init' command is executed.
14:26:31 INFO  : 'ps7_post_config' command is executed.
14:26:31 INFO  : Context for processor 'ps7_cortexa9_0' is selected.
14:26:32 INFO  : The application '/home/macmala/Documents/Courses/ECE315/labs/lab1/kypd_ssd_gpio-20220129T172209Z-001/kypd_ssd_gpio/kypd_ssd_gpio.sdk/lab1proj/Debug/lab1proj.elf' is downloaded to processor 'ps7_cortexa9_0'.
14:26:32 INFO  : 'configparams force-mem-access 0' command is executed.
14:26:32 INFO  : ----------------XSDB Script----------------
connect -url tcp:127.0.0.1:3121
source /home/macmala/Documents/Courses/ECE315/labs/lab1/kypd_ssd_gpio-20220129T172209Z-001/kypd_ssd_gpio/kypd_ssd_gpio.sdk/design_1_wrapper_hw_platform_0/ps7_init.tcl
targets -set -nocase -filter {name =~"APU*" && jtag_cable_name =~ "Digilent Zybo Z7 210351AB6E73A"} -index 0
rst -system
after 3000
targets -set -filter {jtag_cable_name =~ "Digilent Zybo Z7 210351AB6E73A" && level==0} -index 1
fpga -file /home/macmala/Documents/Courses/ECE315/labs/lab1/kypd_ssd_gpio-20220129T172209Z-001/kypd_ssd_gpio/kypd_ssd_gpio.sdk/design_1_wrapper_hw_platform_0/design_1_wrapper.bit
targets -set -nocase -filter {name =~"APU*" && jtag_cable_name =~ "Digilent Zybo Z7 210351AB6E73A"} -index 0
loadhw -hw /home/macmala/Documents/Courses/ECE315/labs/lab1/kypd_ssd_gpio-20220129T172209Z-001/kypd_ssd_gpio/kypd_ssd_gpio.sdk/design_1_wrapper_hw_platform_0/system.hdf -mem-ranges [list {0x40000000 0xbfffffff}]
configparams force-mem-access 1
targets -set -nocase -filter {name =~"APU*" && jtag_cable_name =~ "Digilent Zybo Z7 210351AB6E73A"} -index 0
ps7_init
ps7_post_config
targets -set -nocase -filter {name =~ "ARM*#0" && jtag_cable_name =~ "Digilent Zybo Z7 210351AB6E73A"} -index 0
dow /home/macmala/Documents/Courses/ECE315/labs/lab1/kypd_ssd_gpio-20220129T172209Z-001/kypd_ssd_gpio/kypd_ssd_gpio.sdk/lab1proj/Debug/lab1proj.elf
configparams force-mem-access 0
----------------End of Script----------------

14:26:32 INFO  : Memory regions updated for context APU
14:26:32 INFO  : Context for processor 'ps7_cortexa9_0' is selected.
14:26:32 INFO  : 'con' command is executed.
14:26:32 INFO  : ----------------XSDB Script (After Launch)----------------
targets -set -nocase -filter {name =~ "ARM*#0" && jtag_cable_name =~ "Digilent Zybo Z7 210351AB6E73A"} -index 0
con
----------------End of Script----------------

14:26:32 INFO  : Launch script is exported to file '/home/macmala/Documents/Courses/ECE315/labs/lab1/kypd_ssd_gpio-20220129T172209Z-001/kypd_ssd_gpio/kypd_ssd_gpio.sdk/.sdk/launch_scripts/xilinx_c-c++_application_(system_debugger)/system_debugger_on_local.tcl'
14:27:38 INFO  : Disconnected from the channel tcfchan#19.
14:27:39 INFO  : Connected to target on host '127.0.0.1' and port '3121'.
14:27:39 INFO  : Jtag cable 'Digilent Zybo Z7 210351AB6E73A' is selected.
14:27:39 INFO  : 'jtag frequency' command is executed.
14:27:39 INFO  : Sourcing of '/home/macmala/Documents/Courses/ECE315/labs/lab1/kypd_ssd_gpio-20220129T172209Z-001/kypd_ssd_gpio/kypd_ssd_gpio.sdk/design_1_wrapper_hw_platform_0/ps7_init.tcl' is done.
14:27:39 INFO  : Context for 'APU' is selected.
14:27:39 INFO  : System reset is completed.
14:27:42 INFO  : 'after 3000' command is executed.
14:27:42 INFO  : Connected to target on host '127.0.0.1' and port '3121'.
14:27:42 INFO  : 'targets -set -filter {jtag_cable_name =~ "Digilent Zybo Z7 210351AB6E73A" && level==0} -index 1' command is executed.
14:27:43 INFO  : FPGA configured successfully with bitstream "/home/macmala/Documents/Courses/ECE315/labs/lab1/kypd_ssd_gpio-20220129T172209Z-001/kypd_ssd_gpio/kypd_ssd_gpio.sdk/design_1_wrapper_hw_platform_0/design_1_wrapper.bit"
14:27:43 INFO  : Context for 'APU' is selected.
14:27:44 INFO  : Hardware design information is loaded from '/home/macmala/Documents/Courses/ECE315/labs/lab1/kypd_ssd_gpio-20220129T172209Z-001/kypd_ssd_gpio/kypd_ssd_gpio.sdk/design_1_wrapper_hw_platform_0/system.hdf'.
14:27:44 INFO  : 'configparams force-mem-access 1' command is executed.
14:27:44 INFO  : Context for 'APU' is selected.
14:27:44 INFO  : 'ps7_init' command is executed.
14:27:44 INFO  : 'ps7_post_config' command is executed.
14:27:44 INFO  : Context for processor 'ps7_cortexa9_0' is selected.
14:27:44 INFO  : Jtag cable 'Digilent Zybo Z7 210351AB6E73A' is selected.
14:27:45 INFO  : The application '/home/macmala/Documents/Courses/ECE315/labs/lab1/kypd_ssd_gpio-20220129T172209Z-001/kypd_ssd_gpio/kypd_ssd_gpio.sdk/lab1proj/Debug/lab1proj.elf' is downloaded to processor 'ps7_cortexa9_0'.
14:27:45 INFO  : 'jtag frequency' command is executed.
14:27:45 INFO  : 'configparams force-mem-access 0' command is executed.
14:27:45 INFO  : ----------------XSDB Script----------------
connect -url tcp:127.0.0.1:3121
source /home/macmala/Documents/Courses/ECE315/labs/lab1/kypd_ssd_gpio-20220129T172209Z-001/kypd_ssd_gpio/kypd_ssd_gpio.sdk/design_1_wrapper_hw_platform_0/ps7_init.tcl
targets -set -nocase -filter {name =~"APU*" && jtag_cable_name =~ "Digilent Zybo Z7 210351AB6E73A"} -index 0
rst -system
after 3000
targets -set -filter {jtag_cable_name =~ "Digilent Zybo Z7 210351AB6E73A" && level==0} -index 1
fpga -file /home/macmala/Documents/Courses/ECE315/labs/lab1/kypd_ssd_gpio-20220129T172209Z-001/kypd_ssd_gpio/kypd_ssd_gpio.sdk/design_1_wrapper_hw_platform_0/design_1_wrapper.bit
targets -set -nocase -filter {name =~"APU*" && jtag_cable_name =~ "Digilent Zybo Z7 210351AB6E73A"} -index 0
loadhw -hw /home/macmala/Documents/Courses/ECE315/labs/lab1/kypd_ssd_gpio-20220129T172209Z-001/kypd_ssd_gpio/kypd_ssd_gpio.sdk/design_1_wrapper_hw_platform_0/system.hdf -mem-ranges [list {0x40000000 0xbfffffff}]
configparams force-mem-access 1
targets -set -nocase -filter {name =~"APU*" && jtag_cable_name =~ "Digilent Zybo Z7 210351AB6E73A"} -index 0
ps7_init
ps7_post_config
targets -set -nocase -filter {name =~ "ARM*#0" && jtag_cable_name =~ "Digilent Zybo Z7 210351AB6E73A"} -index 0
dow /home/macmala/Documents/Courses/ECE315/labs/lab1/kypd_ssd_gpio-20220129T172209Z-001/kypd_ssd_gpio/kypd_ssd_gpio.sdk/lab1proj/Debug/lab1proj.elf
configparams force-mem-access 0
----------------End of Script----------------

14:27:45 INFO  : Sourcing of '/home/macmala/Documents/Courses/ECE315/labs/lab1/kypd_ssd_gpio-20220129T172209Z-001/kypd_ssd_gpio/kypd_ssd_gpio.sdk/design_1_wrapper_hw_platform_0/ps7_init.tcl' is done.
14:27:45 INFO  : Memory regions updated for context APU
14:27:45 INFO  : Context for 'APU' is selected.
14:27:45 INFO  : Context for processor 'ps7_cortexa9_0' is selected.
14:27:45 INFO  : System reset is completed.
14:27:45 INFO  : 'con' command is executed.
14:27:45 INFO  : ----------------XSDB Script (After Launch)----------------
targets -set -nocase -filter {name =~ "ARM*#0" && jtag_cable_name =~ "Digilent Zybo Z7 210351AB6E73A"} -index 0
con
----------------End of Script----------------

14:27:45 INFO  : Launch script is exported to file '/home/macmala/Documents/Courses/ECE315/labs/lab1/kypd_ssd_gpio-20220129T172209Z-001/kypd_ssd_gpio/kypd_ssd_gpio.sdk/.sdk/launch_scripts/xilinx_c-c++_application_(system_debugger)/system_debugger_on_local.tcl'
14:27:48 INFO  : 'after 3000' command is executed.
14:27:48 INFO  : 'targets -set -filter {jtag_cable_name =~ "Digilent Zybo Z7 210351AB6E73A" && level==0} -index 1' command is executed.
14:27:49 INFO  : FPGA configured successfully with bitstream "/home/macmala/Documents/Courses/ECE315/labs/lab1/kypd_ssd_gpio-20220129T172209Z-001/kypd_ssd_gpio/kypd_ssd_gpio.sdk/design_1_wrapper_hw_platform_0/design_1_wrapper.bit"
14:27:49 INFO  : Context for 'APU' is selected.
14:27:49 INFO  : Hardware design information is loaded from '/home/macmala/Documents/Courses/ECE315/labs/lab1/kypd_ssd_gpio-20220129T172209Z-001/kypd_ssd_gpio/kypd_ssd_gpio.sdk/design_1_wrapper_hw_platform_0/system.hdf'.
14:27:49 INFO  : 'configparams force-mem-access 1' command is executed.
14:27:49 INFO  : Context for 'APU' is selected.
14:27:49 INFO  : 'ps7_init' command is executed.
14:27:49 INFO  : 'ps7_post_config' command is executed.
14:27:49 INFO  : Context for processor 'ps7_cortexa9_0' is selected.
14:27:50 ERROR : Memory write error at 0x10D000. MMU section translation fault
14:27:50 INFO  : ----------------XSDB Script----------------
connect -url tcp:127.0.0.1:3121
source /home/macmala/Documents/Courses/ECE315/labs/lab1/kypd_ssd_gpio-20220129T172209Z-001/kypd_ssd_gpio/kypd_ssd_gpio.sdk/design_1_wrapper_hw_platform_0/ps7_init.tcl
targets -set -nocase -filter {name =~"APU*" && jtag_cable_name =~ "Digilent Zybo Z7 210351AB6E73A"} -index 0
rst -system
after 3000
targets -set -filter {jtag_cable_name =~ "Digilent Zybo Z7 210351AB6E73A" && level==0} -index 1
fpga -file /home/macmala/Documents/Courses/ECE315/labs/lab1/kypd_ssd_gpio-20220129T172209Z-001/kypd_ssd_gpio/kypd_ssd_gpio.sdk/design_1_wrapper_hw_platform_0/design_1_wrapper.bit
targets -set -nocase -filter {name =~"APU*" && jtag_cable_name =~ "Digilent Zybo Z7 210351AB6E73A"} -index 0
loadhw -hw /home/macmala/Documents/Courses/ECE315/labs/lab1/kypd_ssd_gpio-20220129T172209Z-001/kypd_ssd_gpio/kypd_ssd_gpio.sdk/design_1_wrapper_hw_platform_0/system.hdf -mem-ranges [list {0x40000000 0xbfffffff}]
configparams force-mem-access 1
targets -set -nocase -filter {name =~"APU*" && jtag_cable_name =~ "Digilent Zybo Z7 210351AB6E73A"} -index 0
ps7_init
ps7_post_config
targets -set -nocase -filter {name =~ "ARM*#0" && jtag_cable_name =~ "Digilent Zybo Z7 210351AB6E73A"} -index 0
dow /home/macmala/Documents/Courses/ECE315/labs/lab1/kypd_ssd_gpio-20220129T172209Z-001/kypd_ssd_gpio/kypd_ssd_gpio.sdk/lab1proj/Debug/lab1proj.elf
----------------End of Script----------------

14:27:54 INFO  : Connected to target on host '127.0.0.1' and port '3121'.
14:27:55 INFO  : Jtag cable 'Digilent Zybo Z7 210351AB6E73A' is selected.
14:27:55 INFO  : 'jtag frequency' command is executed.
14:27:55 INFO  : Sourcing of '/home/macmala/Documents/Courses/ECE315/labs/lab1/kypd_ssd_gpio-20220129T172209Z-001/kypd_ssd_gpio/kypd_ssd_gpio.sdk/design_1_wrapper_hw_platform_0/ps7_init.tcl' is done.
14:27:55 INFO  : Context for 'APU' is selected.
14:27:55 INFO  : System reset is completed.
14:27:58 INFO  : 'after 3000' command is executed.
14:27:58 INFO  : 'targets -set -filter {jtag_cable_name =~ "Digilent Zybo Z7 210351AB6E73A" && level==0} -index 1' command is executed.
14:27:59 INFO  : FPGA configured successfully with bitstream "/home/macmala/Documents/Courses/ECE315/labs/lab1/kypd_ssd_gpio-20220129T172209Z-001/kypd_ssd_gpio/kypd_ssd_gpio.sdk/design_1_wrapper_hw_platform_0/design_1_wrapper.bit"
14:27:59 INFO  : Context for 'APU' is selected.
14:27:59 INFO  : Hardware design information is loaded from '/home/macmala/Documents/Courses/ECE315/labs/lab1/kypd_ssd_gpio-20220129T172209Z-001/kypd_ssd_gpio/kypd_ssd_gpio.sdk/design_1_wrapper_hw_platform_0/system.hdf'.
14:27:59 INFO  : 'configparams force-mem-access 1' command is executed.
14:27:59 INFO  : Context for 'APU' is selected.
14:27:59 INFO  : 'ps7_init' command is executed.
14:27:59 INFO  : 'ps7_post_config' command is executed.
14:27:59 INFO  : Context for processor 'ps7_cortexa9_0' is selected.
14:28:00 INFO  : The application '/home/macmala/Documents/Courses/ECE315/labs/lab1/kypd_ssd_gpio-20220129T172209Z-001/kypd_ssd_gpio/kypd_ssd_gpio.sdk/lab1proj/Debug/lab1proj.elf' is downloaded to processor 'ps7_cortexa9_0'.
14:28:00 INFO  : 'configparams force-mem-access 0' command is executed.
14:28:00 INFO  : ----------------XSDB Script----------------
connect -url tcp:127.0.0.1:3121
source /home/macmala/Documents/Courses/ECE315/labs/lab1/kypd_ssd_gpio-20220129T172209Z-001/kypd_ssd_gpio/kypd_ssd_gpio.sdk/design_1_wrapper_hw_platform_0/ps7_init.tcl
targets -set -nocase -filter {name =~"APU*" && jtag_cable_name =~ "Digilent Zybo Z7 210351AB6E73A"} -index 0
rst -system
after 3000
targets -set -filter {jtag_cable_name =~ "Digilent Zybo Z7 210351AB6E73A" && level==0} -index 1
fpga -file /home/macmala/Documents/Courses/ECE315/labs/lab1/kypd_ssd_gpio-20220129T172209Z-001/kypd_ssd_gpio/kypd_ssd_gpio.sdk/design_1_wrapper_hw_platform_0/design_1_wrapper.bit
targets -set -nocase -filter {name =~"APU*" && jtag_cable_name =~ "Digilent Zybo Z7 210351AB6E73A"} -index 0
loadhw -hw /home/macmala/Documents/Courses/ECE315/labs/lab1/kypd_ssd_gpio-20220129T172209Z-001/kypd_ssd_gpio/kypd_ssd_gpio.sdk/design_1_wrapper_hw_platform_0/system.hdf -mem-ranges [list {0x40000000 0xbfffffff}]
configparams force-mem-access 1
targets -set -nocase -filter {name =~"APU*" && jtag_cable_name =~ "Digilent Zybo Z7 210351AB6E73A"} -index 0
ps7_init
ps7_post_config
targets -set -nocase -filter {name =~ "ARM*#0" && jtag_cable_name =~ "Digilent Zybo Z7 210351AB6E73A"} -index 0
dow /home/macmala/Documents/Courses/ECE315/labs/lab1/kypd_ssd_gpio-20220129T172209Z-001/kypd_ssd_gpio/kypd_ssd_gpio.sdk/lab1proj/Debug/lab1proj.elf
configparams force-mem-access 0
----------------End of Script----------------

14:28:00 INFO  : Memory regions updated for context APU
14:28:00 INFO  : Context for processor 'ps7_cortexa9_0' is selected.
14:28:00 INFO  : 'con' command is executed.
14:28:00 INFO  : ----------------XSDB Script (After Launch)----------------
targets -set -nocase -filter {name =~ "ARM*#0" && jtag_cable_name =~ "Digilent Zybo Z7 210351AB6E73A"} -index 0
con
----------------End of Script----------------

14:28:00 INFO  : Launch script is exported to file '/home/macmala/Documents/Courses/ECE315/labs/lab1/kypd_ssd_gpio-20220129T172209Z-001/kypd_ssd_gpio/kypd_ssd_gpio.sdk/.sdk/launch_scripts/xilinx_c-c++_application_(system_debugger)/system_debugger_on_local.tcl'
15:27:00 INFO  : Disconnected from the channel tcfchan#20.
16:09:57 INFO  : Registering command handlers for SDK TCF services
16:09:58 INFO  : Launching XSCT server: xsct.bat -interactive C:\ECE_315\ece315lab1\kypd_ssd_gpio.sdk\temp_xsdb_launch_script.tcl
16:10:01 INFO  : XSCT server has started successfully.
16:10:01 INFO  : Successfully done setting XSCT server connection channel  
16:10:03 INFO  : Successfully done setting SDK workspace  
16:10:03 INFO  : Processing command line option -hwspec C:/ECE_315/ece315lab1/kypd_ssd_gpio.sdk/design_1_wrapper.hdf.
